#
# There is insufficient memory for the Java Runtime Environment to continue.
# Native memory allocation (malloc) failed to allocate 1136096 bytes for Chunk::new
# Possible reasons:
#   The system is out of physical RAM or swap space
#   The process is running with CompressedOops enabled, and the Java Heap may be blocking the growth of the native heap
# Possible solutions:
#   Reduce memory load on the system
#   Increase physical memory or swap space
#   Check if swap backing store is full
#   Decrease Java heap size (-Xmx/-Xms)
#   Decrease number of Java threads
#   Decrease Java thread stack sizes (-Xss)
#   Set larger code cache with -XX:ReservedCodeCacheSize=
#   JVM is running with Unscaled Compressed Oops mode in which the Java heap is
#     placed in the first 4GB address space. The Java Heap base address is the
#     maximum limit for the native heap growth. Please use -XX:HeapBaseMinAddress
#     to set the Java Heap base and to place the Java Heap above 4GB virtual address.
# This output file may be truncated or incomplete.
#
#  Out of Memory Error (allocation.cpp:389), pid=20004, tid=0x00000000000085fc
#
# JRE version: OpenJDK Runtime Environment (8.0_242-b01) (build 1.8.0_242-release-1644-b01)
# Java VM: OpenJDK 64-Bit Server VM (25.242-b01 mixed mode windows-amd64 compressed oops)
# Failed to write core dump. Minidumps are not enabled by default on client versions of Windows
#

---------------  T H R E A D  ---------------

Current thread (0x0000000019eb9000):  JavaThread "C2 CompilerThread1" daemon [_thread_in_native, id=34300, stack(0x000000001a880000,0x000000001a980000)]

Stack: [0x000000001a880000,0x000000001a980000]
[error occurred during error reporting (printing stack bounds), id 0xc0000005]

Native frames: (J=compiled Java code, j=interpreted, Vv=VM code, C=native code)


Current CompileTask:
C2: 180882 16873       4       com.android.tools.r8.ir.conversion.o::a (1153 bytes)


---------------  P R O C E S S  ---------------

Java Threads: ( => current thread )
  0x000000001cee4800 JavaThread "WorkerExecutor Queue" [_thread_blocked, id=15012, stack(0x0000000031eb0000,0x0000000031fb0000)]
  0x000000001cee9000 JavaThread "stdout" [_thread_in_native, id=20540, stack(0x00000000330e0000,0x00000000331e0000)]
  0x000000001cee6800 JavaThread "stderr" [_thread_in_native, id=9032, stack(0x0000000032fe0000,0x00000000330e0000)]
  0x000000001cee6000 JavaThread "stdout" [_thread_in_native, id=31904, stack(0x0000000032ee0000,0x0000000032fe0000)]
  0x000000001ceea800 JavaThread "stderr" [_thread_in_native, id=4144, stack(0x0000000032de0000,0x0000000032ee0000)]
  0x000000001cee8000 JavaThread "stdout" [_thread_in_native, id=10804, stack(0x0000000032ce0000,0x0000000032de0000)]
  0x000000001cee7800 JavaThread "stderr" [_thread_in_native, id=25388, stack(0x0000000032be0000,0x0000000032ce0000)]
  0x000000001cee9800 JavaThread "stdout" [_thread_in_native, id=5060, stack(0x0000000032ae0000,0x0000000032be0000)]
  0x000000001cee5000 JavaThread "stderr" [_thread_in_native, id=26692, stack(0x00000000329e0000,0x0000000032ae0000)]
  0x000000001c1fd800 JavaThread "stdout" [_thread_in_native, id=24720, stack(0x00000000328e0000,0x00000000329e0000)]
  0x000000001c1fe000 JavaThread "stderr" [_thread_in_native, id=34056, stack(0x00000000327e0000,0x00000000328e0000)]
  0x000000001c1fc800 JavaThread "stdout" [_thread_in_native, id=31156, stack(0x00000000326e0000,0x00000000327e0000)]
  0x000000001c1fc000 JavaThread "stderr" [_thread_in_native, id=32480, stack(0x00000000325e0000,0x00000000326e0000)]
  0x000000001c1fb000 JavaThread "stdout" [_thread_in_native, id=32020, stack(0x00000000324e0000,0x00000000325e0000)]
  0x000000001c1ff000 JavaThread "stderr" [_thread_in_native, id=19240, stack(0x00000000323e0000,0x00000000324e0000)]
  0x000000001c200800 JavaThread "stdout" [_thread_in_native, id=27740, stack(0x00000000322e0000,0x00000000323e0000)]
  0x000000001c1fa800 JavaThread "stderr" [_thread_in_native, id=30540, stack(0x00000000321e0000,0x00000000322e0000)]
  0x000000001c1ff800 JavaThread "pool-4-thread-1" [_thread_blocked, id=36776, stack(0x00000000320e0000,0x00000000321e0000)]
  0x000000001c1f2000 JavaThread "Cache worker for execution history cache (C:\Users\sanja.todorovic\AndroidStudioProjects\MerkatorGejmifikacija\.gradle\6.5\executionHistory)" [_thread_blocked, id=14552, stack(0x0000000031bb0000,0x0000000031cb0000)]
  0x000000001c1f8000 JavaThread "Execution worker for ':' Thread 7" [_thread_blocked, id=29108, stack(0x0000000031ab0000,0x0000000031bb0000)]
  0x000000001c1f7000 JavaThread "Execution worker for ':' Thread 6" [_thread_blocked, id=9260, stack(0x00000000319b0000,0x0000000031ab0000)]
  0x000000001c1f4000 JavaThread "Execution worker for ':' Thread 5" [_thread_blocked, id=32624, stack(0x00000000318b0000,0x00000000319b0000)]
  0x000000001c1f6800 JavaThread "Execution worker for ':' Thread 4" [_thread_blocked, id=11016, stack(0x00000000317b0000,0x00000000318b0000)]
  0x000000001c1f1000 JavaThread "Execution worker for ':' Thread 3" [_thread_blocked, id=15104, stack(0x00000000316b0000,0x00000000317b0000)]
  0x000000001c1f5000 JavaThread "Execution worker for ':' Thread 2" [_thread_blocked, id=14832, stack(0x00000000315b0000,0x00000000316b0000)]
  0x000000001c1f5800 JavaThread "Execution worker for ':'" [_thread_blocked, id=8180, stack(0x00000000314b0000,0x00000000315b0000)]
  0x000000002bb12000 JavaThread "Cache worker for file content cache (C:\Users\sanja.todorovic\AndroidStudioProjects\MerkatorGejmifikacija\.gradle\6.5\fileContent)" [_thread_blocked, id=30724, stack(0x00000000313b0000,0x00000000314b0000)]
  0x000000002bb10000 JavaThread "Cache worker for Build Output Cleanup Cache (C:\Users\sanja.todorovic\AndroidStudioProjects\MerkatorGejmifikacija\.gradle\buildOutputCleanup)" [_thread_blocked, id=28168, stack(0x000000002da90000,0x000000002db90000)]
  0x000000002bb10800 JavaThread "jar transforms Thread 184" [_thread_blocked, id=14088, stack(0x000000002b500000,0x000000002b600000)]
  0x000000002bb0c000 JavaThread "jar transforms Thread 183" [_thread_blocked, id=11532, stack(0x000000002b400000,0x000000002b500000)]
  0x000000002bb0d000 JavaThread "jar transforms Thread 182" [_thread_blocked, id=23528, stack(0x000000002b300000,0x000000002b400000)]
  0x000000002bb11800 JavaThread "jar transforms Thread 181" [_thread_blocked, id=23120, stack(0x000000002b200000,0x000000002b300000)]
  0x000000002bb0e800 JavaThread "jar transforms Thread 180" [_thread_blocked, id=18280, stack(0x000000002b100000,0x000000002b200000)]
  0x000000002bb0f000 JavaThread "jar transforms Thread 179" [_thread_blocked, id=21732, stack(0x000000002b000000,0x000000002b100000)]
  0x000000002bb0d800 JavaThread "jar transforms Thread 178" [_thread_blocked, id=10596, stack(0x000000002af00000,0x000000002b000000)]
  0x000000002bb04800 JavaThread "jar transforms Thread 177" [_thread_blocked, id=24872, stack(0x000000002ae00000,0x000000002af00000)]
  0x000000002bb07000 JavaThread "jar transforms Thread 176" [_thread_blocked, id=16820, stack(0x000000002ad00000,0x000000002ae00000)]
  0x000000002bb0b800 JavaThread "jar transforms Thread 175" [_thread_blocked, id=12556, stack(0x000000002ac00000,0x000000002ad00000)]
  0x000000002bb04000 JavaThread "jar transforms Thread 174" [_thread_blocked, id=34100, stack(0x000000002ab00000,0x000000002ac00000)]
  0x000000002bb0a000 JavaThread "jar transforms Thread 173" [_thread_blocked, id=36108, stack(0x000000002a8a0000,0x000000002a9a0000)]
  0x000000002bb0a800 JavaThread "jar transforms Thread 172" [_thread_blocked, id=33668, stack(0x000000002a7a0000,0x000000002a8a0000)]
  0x000000002bb03000 JavaThread "jar transforms Thread 171" [_thread_blocked, id=13816, stack(0x000000002a6a0000,0x000000002a7a0000)]
  0x000000002bb08800 JavaThread "jar transforms Thread 170" [_thread_blocked, id=34140, stack(0x000000002a5a0000,0x000000002a6a0000)]
  0x000000002bb07800 JavaThread "jar transforms Thread 169" [_thread_blocked, id=36556, stack(0x000000002a4a0000,0x000000002a5a0000)]
  0x000000002bb09000 JavaThread "jar transforms Thread 168" [_thread_blocked, id=28884, stack(0x000000002a3a0000,0x000000002a4a0000)]
  0x000000002bb06000 JavaThread "jar transforms Thread 167" [_thread_blocked, id=5312, stack(0x000000002a2a0000,0x000000002a3a0000)]
  0x000000002bb05800 JavaThread "jar transforms Thread 166" [_thread_blocked, id=26044, stack(0x000000002a1a0000,0x000000002a2a0000)]
  0x000000001b79d000 JavaThread "jar transforms Thread 165" [_thread_blocked, id=35104, stack(0x000000002a0a0000,0x000000002a1a0000)]
  0x000000001b79d800 JavaThread "jar transforms Thread 164" [_thread_blocked, id=6216, stack(0x0000000029fa0000,0x000000002a0a0000)]
  0x000000001b79c000 JavaThread "jar transforms Thread 163" [_thread_blocked, id=35656, stack(0x0000000029ea0000,0x0000000029fa0000)]
  0x000000001b79b800 JavaThread "jar transforms Thread 162" [_thread_blocked, id=17544, stack(0x0000000029da0000,0x0000000029ea0000)]
  0x000000001b799000 JavaThread "jar transforms Thread 161" [_thread_blocked, id=10352, stack(0x0000000029ca0000,0x0000000029da0000)]
  0x000000001b79a800 JavaThread "jar transforms Thread 160" [_thread_blocked, id=30416, stack(0x0000000029ba0000,0x0000000029ca0000)]
  0x000000001b79a000 JavaThread "jar transforms Thread 159" [_thread_blocked, id=31588, stack(0x0000000029aa0000,0x0000000029ba0000)]
  0x000000001b791800 JavaThread "jar transforms Thread 158" [_thread_blocked, id=34516, stack(0x00000000299a0000,0x0000000029aa0000)]
  0x000000001b798800 JavaThread "jar transforms Thread 157" [_thread_blocked, id=27456, stack(0x00000000298a0000,0x00000000299a0000)]
  0x000000001b797000 JavaThread "jar transforms Thread 156" [_thread_blocked, id=29852, stack(0x00000000297a0000,0x00000000298a0000)]
  0x000000001b797800 JavaThread "jar transforms Thread 155" [_thread_blocked, id=10492, stack(0x00000000296a0000,0x00000000297a0000)]
  0x000000001b793000 JavaThread "jar transforms Thread 154" [_thread_blocked, id=27388, stack(0x00000000295a0000,0x00000000296a0000)]
  0x000000001b78f800 JavaThread "jar transforms Thread 153" [_thread_blocked, id=28384, stack(0x00000000294a0000,0x00000000295a0000)]
  0x000000001b792800 JavaThread "jar transforms Thread 152" [_thread_blocked, id=26164, stack(0x00000000293a0000,0x00000000294a0000)]
  0x000000001b796000 JavaThread "jar transforms Thread 151" [_thread_blocked, id=16136, stack(0x00000000292a0000,0x00000000293a0000)]
  0x000000001b795800 JavaThread "jar transforms Thread 150" [_thread_blocked, id=10068, stack(0x00000000291a0000,0x00000000292a0000)]
  0x000000001b791000 JavaThread "jar transforms Thread 149" [_thread_blocked, id=27180, stack(0x00000000290a0000,0x00000000291a0000)]
  0x000000001b78e800 JavaThread "jar transforms Thread 148" [_thread_blocked, id=20496, stack(0x0000000028fa0000,0x00000000290a0000)]
  0x000000001b790000 JavaThread "jar transforms Thread 147" [_thread_blocked, id=25952, stack(0x0000000028ea0000,0x0000000028fa0000)]
  0x000000001b794000 JavaThread "jar transforms Thread 146" [_thread_blocked, id=29916, stack(0x0000000028da0000,0x0000000028ea0000)]
  0x000000001b794800 JavaThread "jar transforms Thread 145" [_thread_blocked, id=34320, stack(0x0000000028ca0000,0x0000000028da0000)]
  0x0000000019ecb800 JavaThread "jar transforms Thread 144" [_thread_blocked, id=20152, stack(0x0000000028ba0000,0x0000000028ca0000)]
  0x0000000019ec9000 JavaThread "jar transforms Thread 143" [_thread_blocked, id=26760, stack(0x0000000028aa0000,0x0000000028ba0000)]
  0x0000000019ec5800 JavaThread "jar transforms Thread 142" [_thread_blocked, id=18380, stack(0x00000000289a0000,0x0000000028aa0000)]
  0x0000000019eca800 JavaThread "jar transforms Thread 141" [_thread_blocked, id=32636, stack(0x00000000288a0000,0x00000000289a0000)]
  0x0000000019ec8800 JavaThread "jar transforms Thread 140" [_thread_blocked, id=19696, stack(0x00000000287a0000,0x00000000288a0000)]
  0x0000000019ec7800 JavaThread "jar transforms Thread 139" [_thread_blocked, id=24240, stack(0x00000000286a0000,0x00000000287a0000)]
  0x0000000019ec4800 JavaThread "jar transforms Thread 138" [_thread_blocked, id=37344, stack(0x00000000285a0000,0x00000000286a0000)]
  0x0000000021cd3800 JavaThread "jar transforms Thread 137" [_thread_blocked, id=37128, stack(0x00000000284a0000,0x00000000285a0000)]
  0x0000000021cd2000 JavaThread "jar transforms Thread 136" [_thread_blocked, id=32808, stack(0x00000000283a0000,0x00000000284a0000)]
  0x0000000021cd1800 JavaThread "jar transforms Thread 135" [_thread_blocked, id=14944, stack(0x00000000282a0000,0x00000000283a0000)]
  0x0000000021cd0800 JavaThread "jar transforms Thread 134" [_thread_blocked, id=16592, stack(0x00000000281a0000,0x00000000282a0000)]
  0x0000000021ccf000 JavaThread "jar transforms Thread 133" [_thread_blocked, id=16224, stack(0x00000000280a0000,0x00000000281a0000)]
  0x0000000021cd0000 JavaThread "jar transforms Thread 132" [_thread_blocked, id=9700, stack(0x0000000027fa0000,0x00000000280a0000)]
  0x0000000021cd4800 JavaThread "jar transforms Thread 131" [_thread_blocked, id=33184, stack(0x0000000027ea0000,0x0000000027fa0000)]
  0x0000000021cd3000 JavaThread "jar transforms Thread 130" [_thread_blocked, id=36036, stack(0x0000000027da0000,0x0000000027ea0000)]
  0x0000000021cc7800 JavaThread "jar transforms Thread 129" [_thread_blocked, id=14232, stack(0x0000000027ca0000,0x0000000027da0000)]
  0x0000000021cca000 JavaThread "jar transforms Thread 128" [_thread_blocked, id=12024, stack(0x0000000027ba0000,0x0000000027ca0000)]
  0x0000000025b32000 JavaThread "jar transforms Thread 127" [_thread_blocked, id=31764, stack(0x0000000027aa0000,0x0000000027ba0000)]
  0x0000000025b31000 JavaThread "jar transforms Thread 126" [_thread_blocked, id=26344, stack(0x00000000279a0000,0x0000000027aa0000)]
  0x0000000025b2d800 JavaThread "jar transforms Thread 125" [_thread_blocked, id=30068, stack(0x00000000278a0000,0x00000000279a0000)]
  0x0000000025b2f000 JavaThread "jar transforms Thread 124" [_thread_blocked, id=26944, stack(0x00000000277a0000,0x00000000278a0000)]
  0x0000000025b30800 JavaThread "jar transforms Thread 123" [_thread_blocked, id=21912, stack(0x00000000276a0000,0x00000000277a0000)]
  0x0000000025b2f800 JavaThread "jar transforms Thread 122" [_thread_blocked, id=28752, stack(0x00000000275a0000,0x00000000276a0000)]
  0x0000000025b2e000 JavaThread "jar transforms Thread 121" [_thread_blocked, id=32960, stack(0x00000000274a0000,0x00000000275a0000)]
  0x0000000025b33800 JavaThread "jar transforms Thread 120" [_thread_blocked, id=30692, stack(0x00000000273a0000,0x00000000274a0000)]
  0x0000000025b32800 JavaThread "jar transforms Thread 119" [_thread_blocked, id=37772, stack(0x00000000272a0000,0x00000000273a0000)]
  0x0000000025b26000 JavaThread "jar transforms Thread 118" [_thread_blocked, id=5920, stack(0x00000000271a0000,0x00000000272a0000)]
  0x0000000025b2c800 JavaThread "jar transforms Thread 117" [_thread_blocked, id=15060, stack(0x0000000026ca0000,0x0000000026da0000)]
  0x0000000025b26800 JavaThread "jar transforms Thread 116" [_thread_blocked, id=7132, stack(0x0000000026ba0000,0x0000000026ca0000)]
  0x0000000025b2c000 JavaThread "jar transforms Thread 115" [_thread_blocked, id=27592, stack(0x0000000026aa0000,0x0000000026ba0000)]
  0x0000000025b25000 JavaThread "jar transforms Thread 114" [_thread_blocked, id=11036, stack(0x00000000269a0000,0x0000000026aa0000)]
  0x0000000020402000 JavaThread "jar transforms Thread 113" [_thread_blocked, id=24060, stack(0x00000000268a0000,0x00000000269a0000)]
  0x0000000020403800 JavaThread "jar transforms Thread 112" [_thread_blocked, id=34164, stack(0x00000000267a0000,0x00000000268a0000)]
  0x0000000020402800 JavaThread "jar transforms Thread 111" [_thread_blocked, id=13664, stack(0x00000000266a0000,0x00000000267a0000)]
  0x0000000020401000 JavaThread "jar transforms Thread 110" [_thread_blocked, id=3964, stack(0x00000000265a0000,0x00000000266a0000)]
  0x00000000203fe000 JavaThread "jar transforms Thread 109" [_thread_blocked, id=17740, stack(0x00000000264a0000,0x00000000265a0000)]
  0x00000000203ff800 JavaThread "jar transforms Thread 108" [_thread_blocked, id=4488, stack(0x0000000024bb0000,0x0000000024cb0000)]
  0x0000000020400800 JavaThread "jar transforms Thread 107" [_thread_blocked, id=15328, stack(0x00000000240b0000,0x00000000241b0000)]
  0x00000000203ff000 JavaThread "jar transforms Thread 106" [_thread_blocked, id=1952, stack(0x0000000023fb0000,0x00000000240b0000)]
  0x00000000203fd800 JavaThread "jar transforms Thread 105" [_thread_blocked, id=1128, stack(0x0000000023eb0000,0x0000000023fb0000)]
  0x00000000203f6000 JavaThread "jar transforms Thread 104" [_thread_blocked, id=16380, stack(0x0000000023db0000,0x0000000023eb0000)]
  0x00000000203fc800 JavaThread "jar transforms Thread 103" [_thread_blocked, id=4604, stack(0x0000000023cb0000,0x0000000023db0000)]
  0x00000000203f9800 JavaThread "jar transforms Thread 102" [_thread_blocked, id=33056, stack(0x0000000023bb0000,0x0000000023cb0000)]
  0x00000000203f5000 JavaThread "jar transforms Thread 101" [_thread_blocked, id=25836, stack(0x0000000023ab0000,0x0000000023bb0000)]
  0x00000000203f9000 JavaThread "jar transforms Thread 100" [_thread_blocked, id=29412, stack(0x00000000239b0000,0x0000000023ab0000)]
  0x00000000203f8000 JavaThread "jar transforms Thread 99" [_thread_blocked, id=19188, stack(0x00000000238b0000,0x00000000239b0000)]
  0x00000000203f7800 JavaThread "jar transforms Thread 98" [_thread_blocked, id=7592, stack(0x00000000237b0000,0x00000000238b0000)]
  0x00000000203fa800 JavaThread "jar transforms Thread 97" [_thread_blocked, id=31004, stack(0x00000000236b0000,0x00000000237b0000)]
  0x00000000203fc000 JavaThread "jar transforms Thread 96" [_thread_blocked, id=8200, stack(0x00000000235b0000,0x00000000236b0000)]
  0x00000000203f6800 JavaThread "jar transforms Thread 95" [_thread_blocked, id=26716, stack(0x00000000234b0000,0x00000000235b0000)]
  0x00000000203f4800 JavaThread "jar transforms Thread 94" [_thread_blocked, id=17460, stack(0x00000000233b0000,0x00000000234b0000)]
  0x000000002524b800 JavaThread "jar transforms Thread 93" [_thread_blocked, id=6984, stack(0x00000000232b0000,0x00000000233b0000)]
  0x000000002524b000 JavaThread "Build operations Thread 8" [_thread_in_Java, id=17912, stack(0x00000000231b0000,0x00000000232b0000)]
  0x000000002524a000 JavaThread "Build operations Thread 7" [_thread_in_Java, id=36676, stack(0x00000000230b0000,0x00000000231b0000)]
  0x000000002524d000 JavaThread "Build operations Thread 6" [_thread_in_Java, id=12512, stack(0x0000000022fb0000,0x00000000230b0000)]
  0x0000000025249800 JavaThread "Build operations Thread 5" [_thread_in_Java, id=16028, stack(0x0000000022eb0000,0x0000000022fb0000)]
  0x000000002524c800 JavaThread "Build operations Thread 4" [_thread_in_Java, id=18580, stack(0x0000000022db0000,0x0000000022eb0000)]
  0x0000000025248800 JavaThread "Build operations Thread 3" [_thread_in_Java, id=25184, stack(0x0000000022cb0000,0x0000000022db0000)]
  0x0000000025241000 JavaThread "Build operations Thread 2" [_thread_in_Java, id=3760, stack(0x0000000022bb0000,0x0000000022cb0000)]
  0x0000000025248000 JavaThread "Build operations" [_thread_in_Java, id=30328, stack(0x0000000022ab0000,0x0000000022bb0000)]
  0x0000000025240000 JavaThread "Cache worker for cache directory md-rule (C:\Users\sanja.todorovic\.gradle\caches\6.5\md-rule)" [_thread_blocked, id=14916, stack(0x00000000229b0000,0x0000000022ab0000)]
  0x0000000025247000 JavaThread "Cache worker for cache directory md-supplier (C:\Users\sanja.todorovic\.gradle\caches\6.5\md-supplier)" [_thread_blocked, id=37164, stack(0x00000000228b0000,0x00000000229b0000)]
  0x000000002523f800 JavaThread "Cache worker for checksums cache (C:\Users\sanja.todorovic\AndroidStudioProjects\MerkatorGejmifikacija\.gradle\checksums)" [_thread_blocked, id=20560, stack(0x0000000021700000,0x0000000021800000)]
  0x0000000025245800 JavaThread "Cache worker for file hash cache (C:\Users\sanja.todorovic\AndroidStudioProjects\MerkatorGejmifikacija\.gradle\6.5\fileHashes)" [_thread_blocked, id=25632, stack(0x0000000021340000,0x0000000021440000)]
  0x0000000025244000 JavaThread "Thread-134" [_thread_blocked, id=4156, stack(0x000000001e9a0000,0x000000001eaa0000)]
  0x0000000025243800 JavaThread "Stdin handler" [_thread_blocked, id=30768, stack(0x000000001e8a0000,0x000000001e9a0000)]
  0x0000000025246800 JavaThread "Asynchronous log dispatcher for DefaultDaemonConnection: socket connection from /127.0.0.1:64987 to /127.0.0.1:65073" [_thread_blocked, id=17540, stack(0x000000001e7a0000,0x000000001e8a0000)]
  0x000000002523e800 JavaThread "Daemon worker Thread 2" [_thread_blocked, id=1784, stack(0x000000001e6a0000,0x000000001e7a0000)]
  0x0000000025245000 JavaThread "Cancel handler" [_thread_blocked, id=35520, stack(0x000000001e4a0000,0x000000001e5a0000)]
  0x0000000025242800 JavaThread "Handler for socket connection from /127.0.0.1:64987 to /127.0.0.1:65073" [_thread_in_native, id=37740, stack(0x000000001e1a0000,0x000000001e2a0000)]
  0x0000000025242000 JavaThread "Daemon Thread 2" [_thread_blocked, id=29224, stack(0x000000001e0a0000,0x000000001e1a0000)]
  0x0000000025b27800 JavaThread "Memory manager" [_thread_blocked, id=28748, stack(0x000000002cfd0000,0x000000002d0d0000)]
  0x0000000021cc8000 JavaThread "Cache worker for file content cache (C:\Users\sanja.todorovic\.gradle\caches\6.5\fileContent)" [_thread_blocked, id=24132, stack(0x0000000024ab0000,0x0000000024bb0000)]
  0x0000000021cc9000 JavaThread "Cache worker for execution history cache (C:\Users\sanja.todorovic\.gradle\caches\6.5\executionHistory)" [_thread_blocked, id=34024, stack(0x00000000245b0000,0x00000000246b0000)]
  0x0000000019ec6000 JavaThread "Cache worker for file hash cache (C:\Users\sanja.todorovic\.gradle\caches\6.5\fileHashes)" [_thread_blocked, id=34384, stack(0x000000001eea0000,0x000000001efa0000)]
  0x0000000019eca000 JavaThread "File lock request listener" [_thread_in_native, id=17952, stack(0x000000001eda0000,0x000000001eea0000)]
  0x000000001ccca000 JavaThread "Cache worker for journal cache (C:\Users\sanja.todorovic\.gradle\caches\journal-1)" [_thread_blocked, id=16760, stack(0x000000001eca0000,0x000000001eda0000)]
  0x000000001ca47800 JavaThread "Daemon periodic checks" [_thread_blocked, id=28932, stack(0x000000001dfa0000,0x000000001e0a0000)]
  0x000000001ca45800 JavaThread "Incoming local TCP Connector on port 64987" [_thread_in_native, id=30900, stack(0x000000001dd60000,0x000000001de60000)]
  0x000000001c99c000 JavaThread "Daemon health stats" [_thread_blocked, id=23152, stack(0x000000001d720000,0x000000001d820000)]
  0x0000000019f22000 JavaThread "Service Thread" daemon [_thread_blocked, id=20240, stack(0x000000001ab80000,0x000000001ac80000)]
  0x0000000019ec7000 JavaThread "C1 CompilerThread3" daemon [_thread_in_vm, id=15476, stack(0x000000001aa80000,0x000000001ab80000)]
  0x0000000019ebc800 JavaThread "C2 CompilerThread2" daemon [_thread_in_native, id=24440, stack(0x000000001a980000,0x000000001aa80000)]
=>0x0000000019eb9000 JavaThread "C2 CompilerThread1" daemon [_thread_in_native, id=34300, stack(0x000000001a880000,0x000000001a980000)]
  0x000000001808e000 JavaThread "C2 CompilerThread0" daemon [_thread_in_native, id=10744, stack(0x000000001a780000,0x000000001a880000)]
  0x0000000019eb4800 JavaThread "Attach Listener" daemon [_thread_blocked, id=16904, stack(0x000000001a680000,0x000000001a780000)]
  0x0000000019eb3800 JavaThread "Signal Dispatcher" daemon [_thread_blocked, id=35472, stack(0x000000001a580000,0x000000001a680000)]
  0x0000000019ea0800 JavaThread "Finalizer" daemon [_thread_blocked, id=16300, stack(0x000000001a380000,0x000000001a480000)]
  0x000000001807c000 JavaThread "Reference Handler" daemon [_thread_blocked, id=33048, stack(0x000000001a280000,0x000000001a380000)]
  0x0000000002f12800 JavaThread "main" [_thread_blocked, id=3184, stack(0x0000000002e10000,0x0000000002f10000)]

Other Threads:
  0x0000000018077800 VMThread [stack: 0x0000000019d80000,0x0000000019e80000] [id=24908]
  0x0000000019f23000 WatcherThread [stack: 0x000000001ac80000,0x000000001ad80000] [id=10096]

VM state:not at safepoint (normal execution)

VM Mutex/Monitor currently owned by a thread: None

OutOfMemory and StackOverflow Exception counts:
OutOfMemoryError java_heap_errors=2

heap address: 0x0000000080000000, size: 2048 MB, Compressed Oops mode: 32-bit
Narrow klass base: 0x0000000000000000, Narrow klass shift: 3
Compressed class space size: 1073741824 Address: 0x0000000100000000

Heap:
 PSYoungGen      total 637952K, used 471885K [0x00000000d5580000, 0x00000000ffd80000, 0x0000000100000000)
  eden space 580608K, 77% used [0x00000000d5580000,0x00000000f0adc390,0x00000000f8c80000)
  from space 57344K, 41% used [0x00000000f8c80000,0x00000000fa3f7170,0x00000000fc480000)
  to   space 54272K, 0% used [0x00000000fc880000,0x00000000fc880000,0x00000000ffd80000)
 ParOldGen       total 274432K, used 83817K [0x0000000080000000, 0x0000000090c00000, 0x00000000d5580000)
  object space 274432K, 30% used [0x0000000080000000,0x00000000851da4a0,0x0000000090c00000)
 Metaspace       used 99263K, capacity 104872K, committed 105176K, reserved 1140736K
  class space    used 13137K, capacity 14232K, committed 14336K, reserved 1048576K

Card table byte_map: [0x00000000123d0000,0x00000000127e0000] byte_map_base: 0x0000000011fd0000

Marking Bits: (ParMarkBitMap*) 0x000000005e2cf030
 Begin Bits: [0x0000000013290000, 0x0000000015290000)
 End Bits:   [0x0000000015290000, 0x0000000017290000)

Polling page: 0x0000000001390000

CodeCache: size=245760Kb used=47508Kb max_used=47508Kb free=198251Kb
 bounds [0x0000000003010000, 0x0000000005eb0000, 0x0000000012010000]
 total_blobs=15698 nmethods=14804 adapters=806
 compilation: enabled

Compilation events (10 events):
Event: 180.855 Thread 0x0000000019ec7000 nmethod 17534 0x0000000005e72210 code [0x0000000005e72360, 0x0000000005e72470]
Event: 180.855 Thread 0x0000000019ec7000 17535       1       com.android.tools.r8.s.b.i0::N0 (2 bytes)
Event: 180.855 Thread 0x0000000019ec7000 nmethod 17535 0x0000000005e724d0 code [0x0000000005e72620, 0x0000000005e72730]
Event: 180.855 Thread 0x0000000019ec7000 17536       1       com.android.tools.r8.s.b.i0::H2 (3 bytes)
Event: 180.855 Thread 0x0000000019ec7000 nmethod 17536 0x0000000005e72790 code [0x0000000005e728e0, 0x0000000005e729f0]
Event: 180.855 Thread 0x0000000019ec7000 17537       1       com.android.tools.r8.s.b.i0::G2 (3 bytes)
Event: 180.855 Thread 0x0000000019ec7000 nmethod 17537 0x0000000005e72a50 code [0x0000000005e72ba0, 0x0000000005e72cb0]
Event: 180.856 Thread 0x0000000019ec7000 17538       2       com.android.tools.r8.s.b.O0::k0 (2 bytes)
Event: 180.856 Thread 0x0000000019ec7000 nmethod 17538 0x0000000005e72d10 code [0x0000000005e72e60, 0x0000000005e72fb0]
Event: 180.856 Thread 0x0000000019ec7000 17539       3       com.android.tools.r8.ir.optimize.l::r (2050 bytes)

GC Heap History (10 events):
Event: 174.524 GC heap before
{Heap before GC invocations=15 (full 3):
 PSYoungGen      total 450560K, used 445290K [0x00000000d5580000, 0x00000000f9300000, 0x0000000100000000)
  eden space 415232K, 100% used [0x00000000d5580000,0x00000000eeb00000,0x00000000eeb00000)
  from space 35328K, 85% used [0x00000000eeb00000,0x00000000f085aa50,0x00000000f0d80000)
  to   space 38400K, 0% used [0x00000000f6d80000,0x00000000f6d80000,0x00000000f9300000)
 ParOldGen       total 204288K, used 45074K [0x0000000080000000, 0x000000008c780000, 0x00000000d5580000)
  object space 204288K, 22% used [0x0000000080000000,0x0000000082c04a00,0x000000008c780000)
 Metaspace       used 89357K, capacity 94130K, committed 94296K, reserved 1130496K
  class space    used 11899K, capacity 12851K, committed 12928K, reserved 1048576K
Event: 174.565 GC heap after
Heap after GC invocations=15 (full 3):
 PSYoungGen      total 532480K, used 38377K [0x00000000d5580000, 0x00000000f9400000, 0x0000000100000000)
  eden space 494080K, 0% used [0x00000000d5580000,0x00000000d5580000,0x00000000f3800000)
  from space 38400K, 99% used [0x00000000f6d80000,0x00000000f92fa548,0x00000000f9300000)
  to   space 47104K, 0% used [0x00000000f3800000,0x00000000f3800000,0x00000000f6600000)
 ParOldGen       total 204288K, used 53033K [0x0000000080000000, 0x000000008c780000, 0x00000000d5580000)
  object space 204288K, 25% used [0x0000000080000000,0x00000000833ca5b8,0x000000008c780000)
 Metaspace       used 89357K, capacity 94130K, committed 94296K, reserved 1130496K
  class space    used 11899K, capacity 12851K, committed 12928K, reserved 1048576K
}
Event: 178.249 GC heap before
{Heap before GC invocations=16 (full 3):
 PSYoungGen      total 532480K, used 346189K [0x00000000d5580000, 0x00000000f9400000, 0x0000000100000000)
  eden space 494080K, 62% used [0x00000000d5580000,0x00000000e8219008,0x00000000f3800000)
  from space 38400K, 99% used [0x00000000f6d80000,0x00000000f92fa548,0x00000000f9300000)
  to   space 47104K, 0% used [0x00000000f3800000,0x00000000f3800000,0x00000000f6600000)
 ParOldGen       total 204288K, used 53033K [0x0000000080000000, 0x000000008c780000, 0x00000000d5580000)
  object space 204288K, 25% used [0x0000000080000000,0x00000000833ca5b8,0x000000008c780000)
 Metaspace       used 92916K, capacity 98410K, committed 98636K, reserved 1134592K
  class space    used 12367K, capacity 13421K, committed 13440K, reserved 1048576K
Event: 178.299 GC heap after
Heap after GC invocations=16 (full 3):
 PSYoungGen      total 541184K, used 45486K [0x00000000d5580000, 0x00000000ff900000, 0x0000000100000000)
  eden space 494080K, 0% used [0x00000000d5580000,0x00000000d5580000,0x00000000f3800000)
  from space 47104K, 96% used [0x00000000f3800000,0x00000000f646b970,0x00000000f6600000)
  to   space 53760K, 0% used [0x00000000fc480000,0x00000000fc480000,0x00000000ff900000)
 ParOldGen       total 204288K, used 72199K [0x0000000080000000, 0x000000008c780000, 0x00000000d5580000)
  object space 204288K, 35% used [0x0000000080000000,0x0000000084681c48,0x000000008c780000)
 Metaspace       used 92916K, capacity 98410K, committed 98636K, reserved 1134592K
  class space    used 12367K, capacity 13421K, committed 13440K, reserved 1048576K
}
Event: 178.333 GC heap before
{Heap before GC invocations=17 (full 3):
 PSYoungGen      total 541184K, used 56638K [0x00000000d5580000, 0x00000000ff900000, 0x0000000100000000)
  eden space 494080K, 2% used [0x00000000d5580000,0x00000000d6063ec0,0x00000000f3800000)
  from space 47104K, 96% used [0x00000000f3800000,0x00000000f646b970,0x00000000f6600000)
  to   space 53760K, 0% used [0x00000000fc480000,0x00000000fc480000,0x00000000ff900000)
 ParOldGen       total 204288K, used 72199K [0x0000000080000000, 0x000000008c780000, 0x00000000d5580000)
  object space 204288K, 35% used [0x0000000080000000,0x0000000084681c48,0x000000008c780000)
 Metaspace       used 93179K, capacity 98618K, committed 98712K, reserved 1134592K
  class space    used 12385K, capacity 13421K, committed 13440K, reserved 1048576K
Event: 178.364 GC heap after
Heap after GC invocations=17 (full 3):
 PSYoungGen      total 634368K, used 41154K [0x00000000d5580000, 0x0000000100000000, 0x0000000100000000)
  eden space 580608K, 0% used [0x00000000d5580000,0x00000000d5580000,0x00000000f8c80000)
  from space 53760K, 76% used [0x00000000fc480000,0x00000000fecb0b30,0x00000000ff900000)
  to   space 57344K, 0% used [0x00000000f8c80000,0x00000000f8c80000,0x00000000fc480000)
 ParOldGen       total 204288K, used 72207K [0x0000000080000000, 0x000000008c780000, 0x00000000d5580000)
  object space 204288K, 35% used [0x0000000080000000,0x0000000084683c48,0x000000008c780000)
 Metaspace       used 93179K, capacity 98618K, committed 98712K, reserved 1134592K
  class space    used 12385K, capacity 13421K, committed 13440K, reserved 1048576K
}
Event: 178.364 GC heap before
{Heap before GC invocations=18 (full 4):
 PSYoungGen      total 634368K, used 41154K [0x00000000d5580000, 0x0000000100000000, 0x0000000100000000)
  eden space 580608K, 0% used [0x00000000d5580000,0x00000000d5580000,0x00000000f8c80000)
  from space 53760K, 76% used [0x00000000fc480000,0x00000000fecb0b30,0x00000000ff900000)
  to   space 57344K, 0% used [0x00000000f8c80000,0x00000000f8c80000,0x00000000fc480000)
 ParOldGen       total 204288K, used 72207K [0x0000000080000000, 0x000000008c780000, 0x00000000d5580000)
  object space 204288K, 35% used [0x0000000080000000,0x0000000084683c48,0x000000008c780000)
 Metaspace       used 93179K, capacity 98618K, committed 98712K, reserved 1134592K
  class space    used 12385K, capacity 13421K, committed 13440K, reserved 1048576K
Event: 178.569 GC heap after
Heap after GC invocations=18 (full 4):
 PSYoungGen      total 634368K, used 0K [0x00000000d5580000, 0x0000000100000000, 0x0000000100000000)
  eden space 580608K, 0% used [0x00000000d5580000,0x00000000d5580000,0x00000000f8c80000)
  from space 53760K, 0% used [0x00000000fc480000,0x00000000fc480000,0x00000000ff900000)
  to   space 57344K, 0% used [0x00000000f8c80000,0x00000000f8c80000,0x00000000fc480000)
 ParOldGen       total 274432K, used 83809K [0x0000000080000000, 0x0000000090c00000, 0x00000000d5580000)
  object space 274432K, 30% used [0x0000000080000000,0x00000000851d84a0,0x0000000090c00000)
 Metaspace       used 92681K, capacity 97142K, committed 98712K, reserved 1134592K
  class space    used 12223K, capacity 13133K, committed 13440K, reserved 1048576K
}
Event: 180.172 GC heap before
{Heap before GC invocations=19 (full 4):
 PSYoungGen      total 634368K, used 580608K [0x00000000d5580000, 0x0000000100000000, 0x0000000100000000)
  eden space 580608K, 100% used [0x00000000d5580000,0x00000000f8c80000,0x00000000f8c80000)
  from space 53760K, 0% used [0x00000000fc480000,0x00000000fc480000,0x00000000ff900000)
  to   space 57344K, 0% used [0x00000000f8c80000,0x00000000f8c80000,0x00000000fc480000)
 ParOldGen       total 274432K, used 83809K [0x0000000080000000, 0x0000000090c00000, 0x00000000d5580000)
  object space 274432K, 30% used [0x0000000080000000,0x00000000851d84a0,0x0000000090c00000)
 Metaspace       used 98668K, capacity 104214K, committed 104408K, reserved 1138688K
  class space    used 13131K, capacity 14225K, committed 14336K, reserved 1048576K
Event: 180.206 GC heap after
Heap after GC invocations=19 (full 4):
 PSYoungGen      total 637952K, used 24028K [0x00000000d5580000, 0x00000000ffd80000, 0x0000000100000000)
  eden space 580608K, 0% used [0x00000000d5580000,0x00000000d5580000,0x00000000f8c80000)
  from space 57344K, 41% used [0x00000000f8c80000,0x00000000fa3f7170,0x00000000fc480000)
  to   space 54272K, 0% used [0x00000000fc880000,0x00000000fc880000,0x00000000ffd80000)
 ParOldGen       total 274432K, used 83817K [0x0000000080000000, 0x0000000090c00000, 0x00000000d5580000)
  object space 274432K, 30% used [0x0000000080000000,0x00000000851da4a0,0x0000000090c00000)
 Metaspace       used 98668K, capacity 104214K, committed 104408K, reserved 1138688K
  class space    used 13131K, capacity 14225K, committed 14336K, reserved 1048576K
}

Deoptimization events (10 events):
Event: 180.089 Thread 0x0000000025248000 Uncommon trap: reason=array_check action=maybe_recompile pc=0x0000000005ced934 method=java.util.TimSort.reverseRange([Ljava/lang/Object;II)V @ 27
Event: 180.340 Thread 0x0000000021cc9000 Uncommon trap: reason=unstable_if action=reinterpret pc=0x00000000032fcaf0 method=com.google.common.collect.MapMakerInternalMap$Segment.getEntry(Ljava/lang/Object;I)Lcom/google/common/collect/MapMakerInternalMap$InternalEntry; @ 40
Event: 180.409 Thread 0x0000000025248000 Uncommon trap: reason=class_check action=maybe_recompile pc=0x0000000005c57618 method=com.android.tools.r8.s.a.h.e.b(Lcom/android/tools/r8/s/b/k0;)V @ 142
Event: 180.409 Thread 0x0000000025248000 Uncommon trap: reason=class_check action=maybe_recompile pc=0x0000000005c57618 method=com.android.tools.r8.s.a.h.e.b(Lcom/android/tools/r8/s/b/k0;)V @ 142
Event: 180.412 Thread 0x0000000025248000 Uncommon trap: reason=class_check action=maybe_recompile pc=0x0000000005c57618 method=com.android.tools.r8.s.a.h.e.b(Lcom/android/tools/r8/s/b/k0;)V @ 142
Event: 180.412 Thread 0x0000000025248000 Uncommon trap: reason=class_check action=maybe_recompile pc=0x0000000005c57618 method=com.android.tools.r8.s.a.h.e.b(Lcom/android/tools/r8/s/b/k0;)V @ 142
Event: 180.452 Thread 0x0000000025249800 Uncommon trap: reason=class_check action=maybe_recompile pc=0x00000000046be264 method=com.android.tools.r8.ir.conversion.o.a(Lcom/android/tools/r8/ir/conversion/N;IZ)V @ 470
Event: 180.452 Thread 0x0000000025249800 Uncommon trap: reason=class_check action=maybe_recompile pc=0x00000000046bdcbc method=com.android.tools.r8.ir.conversion.o.a(Lcom/android/tools/r8/ir/conversion/N;IZ)V @ 524
Event: 180.452 Thread 0x0000000025249800 Uncommon trap: reason=class_check action=maybe_recompile pc=0x00000000046be264 method=com.android.tools.r8.ir.conversion.o.a(Lcom/android/tools/r8/ir/conversion/N;IZ)V @ 470
Event: 180.452 Thread 0x0000000025249800 Uncommon trap: reason=class_check action=maybe_recompile pc=0x00000000046bdcbc method=com.android.tools.r8.ir.conversion.o.a(Lcom/android/tools/r8/ir/conversion/N;IZ)V @ 524

Classes redefined (0 events):
No events

Internal exceptions (10 events):
Event: 180.635 Thread 0x000000002524d000 Exception <a 'sun/nio/fs/WindowsException'> (0x00000000db647de8) thrown at [C:\src\AOSP-openjdk-git\hotspot\src\share\vm\prims\jni.cpp, line 710]
Event: 180.684 Thread 0x0000000025248000 Exception <a 'sun/nio/fs/WindowsException'> (0x00000000e67efe38) thrown at [C:\src\AOSP-openjdk-git\hotspot\src\share\vm\prims\jni.cpp, line 710]
Event: 180.692 Thread 0x000000002524a000 Exception <a 'sun/nio/fs/WindowsException'> (0x00000000e5cfe230) thrown at [C:\src\AOSP-openjdk-git\hotspot\src\share\vm\prims\jni.cpp, line 710]
Event: 180.710 Thread 0x000000002524a000 Exception <a 'sun/nio/fs/WindowsException'> (0x00000000e6d0bb40) thrown at [C:\src\AOSP-openjdk-git\hotspot\src\share\vm\prims\jni.cpp, line 710]
Event: 180.713 Thread 0x0000000025248000 Exception <a 'sun/nio/fs/WindowsException'> (0x00000000e703c298) thrown at [C:\src\AOSP-openjdk-git\hotspot\src\share\vm\prims\jni.cpp, line 710]
Event: 180.733 Thread 0x000000002524d000 Exception <a 'sun/nio/fs/WindowsException'> (0x00000000e508fd60) thrown at [C:\src\AOSP-openjdk-git\hotspot\src\share\vm\prims\jni.cpp, line 710]
Event: 180.764 Thread 0x000000002524a000 Exception <a 'sun/nio/fs/WindowsException'> (0x00000000e78339d0) thrown at [C:\src\AOSP-openjdk-git\hotspot\src\share\vm\prims\jni.cpp, line 710]
Event: 180.768 Thread 0x000000002524b000 Exception <a 'sun/nio/fs/WindowsException'> (0x00000000e8a9e118) thrown at [C:\src\AOSP-openjdk-git\hotspot\src\share\vm\prims\jni.cpp, line 710]
Event: 180.876 Thread 0x000000002524a000 Exception <a 'sun/nio/fs/WindowsException'> (0x00000000efcde028) thrown at [C:\src\AOSP-openjdk-git\hotspot\src\share\vm\prims\jni.cpp, line 710]
Event: 180.879 Thread 0x000000002524d000 Exception <a 'java/lang/OutOfMemoryError'> (0x00000000efe84570) thrown at [C:\src\AOSP-openjdk-git\hotspot\src\share\vm\prims\jni.cpp, line 737]

Events (10 events):
Event: 180.838 Thread 0x0000000025249800 DEOPT PACKING pc=0x00000000058b11a4 sp=0x0000000022faa0a0
Event: 180.838 Thread 0x0000000025249800 DEOPT UNPACKING pc=0x00000000030575d0 sp=0x0000000022fa9f20 mode 0
Event: 180.845 Thread 0x0000000025248000 DEOPT PACKING pc=0x00000000058b10c6 sp=0x0000000022baa1e0
Event: 180.845 Thread 0x0000000025248000 DEOPT UNPACKING pc=0x00000000030575d0 sp=0x0000000022baa058 mode 0
Event: 180.870 Thread 0x0000000025241000 DEOPT PACKING pc=0x00000000058b1122 sp=0x0000000022ca9ef0
Event: 180.870 Thread 0x0000000025241000 DEOPT UNPACKING pc=0x00000000030575d0 sp=0x0000000022ca9d68 mode 0
Event: 180.876 Thread 0x000000002524a000 DEOPT PACKING pc=0x00000000053552f5 sp=0x00000000231aa070
Event: 180.876 Thread 0x000000002524a000 DEOPT UNPACKING pc=0x00000000030575d0 sp=0x00000000231a9dd8 mode 0
Event: 180.878 Thread 0x000000002524a000 DEOPT PACKING pc=0x00000000053552f5 sp=0x00000000231aa560
Event: 180.878 Thread 0x000000002524a000 DEOPT UNPACKING pc=0x00000000030575d0 sp=0x00000000231aa2c8 mode 0


Dynamic libraries:
0x00007ff7b52c0000 - 0x00007ff7b52f1000 	C:\Program Files\Android\Android Studio\jre\bin\java.exe
0x00007fffd2cc0000 - 0x00007fffd2eb0000 	C:\WINDOWS\SYSTEM32\ntdll.dll
0x00007fffc2090000 - 0x00007fffc20a2000 	C:\Program Files\AVAST Software\Avast\aswhook.dll
0x00007fffd1890000 - 0x00007fffd1942000 	C:\WINDOWS\System32\KERNEL32.DLL
0x00007fffd0690000 - 0x00007fffd0935000 	C:\WINDOWS\System32\KERNELBASE.dll
0x00007fffd2280000 - 0x00007fffd2323000 	C:\WINDOWS\System32\ADVAPI32.dll
0x00007fffd1cf0000 - 0x00007fffd1d8e000 	C:\WINDOWS\System32\msvcrt.dll
0x00007fffd0fc0000 - 0x00007fffd1057000 	C:\WINDOWS\System32\sechost.dll
0x00007fffd2b60000 - 0x00007fffd2c80000 	C:\WINDOWS\System32\RPCRT4.dll
0x00007fffd0e20000 - 0x00007fffd0fb4000 	C:\WINDOWS\System32\USER32.dll
0x00007fffd0530000 - 0x00007fffd0551000 	C:\WINDOWS\System32\win32u.dll
0x00007fffd2100000 - 0x00007fffd2126000 	C:\WINDOWS\System32\GDI32.dll
0x00007fffd0bd0000 - 0x00007fffd0d66000 	C:\WINDOWS\System32\gdi32full.dll
0x00007fffd0490000 - 0x00007fffd052e000 	C:\WINDOWS\System32\msvcp_win.dll
0x00007fffd0560000 - 0x00007fffd065a000 	C:\WINDOWS\System32\ucrtbase.dll
0x00007fffbbad0000 - 0x00007fffbbd54000 	C:\WINDOWS\WinSxS\amd64_microsoft.windows.common-controls_6595b64144ccf1df_6.0.18362.1256_none_9e7e379be45e40e2\COMCTL32.dll
0x00007fffd1dc0000 - 0x00007fffd20f6000 	C:\WINDOWS\System32\combase.dll
0x00007fffd0a90000 - 0x00007fffd0b11000 	C:\WINDOWS\System32\bcryptPrimitives.dll
0x00007fffd1cc0000 - 0x00007fffd1cee000 	C:\WINDOWS\System32\IMM32.DLL
0x000000005da20000 - 0x000000005daf2000 	C:\Program Files\Android\Android Studio\jre\jre\bin\msvcr100.dll
0x000000005db00000 - 0x000000005e34b000 	C:\Program Files\Android\Android Studio\jre\jre\bin\server\jvm.dll
0x00007fffd1a80000 - 0x00007fffd1a88000 	C:\WINDOWS\System32\PSAPI.DLL
0x00007fffc0c30000 - 0x00007fffc0c39000 	C:\WINDOWS\SYSTEM32\WSOCK32.dll
0x00007fffd2140000 - 0x00007fffd21af000 	C:\WINDOWS\System32\WS2_32.dll
0x00007fffc18a0000 - 0x00007fffc18c4000 	C:\WINDOWS\SYSTEM32\WINMM.dll
0x00007fffc7180000 - 0x00007fffc718a000 	C:\WINDOWS\SYSTEM32\VERSION.dll
0x00007fffc1870000 - 0x00007fffc189d000 	C:\WINDOWS\SYSTEM32\WINMMBASE.dll
0x00007fffd0b20000 - 0x00007fffd0b6a000 	C:\WINDOWS\System32\cfgmgr32.dll
0x00007fffc8280000 - 0x00007fffc828f000 	C:\Program Files\Android\Android Studio\jre\jre\bin\verify.dll
0x00007fffc69e0000 - 0x00007fffc6a09000 	C:\Program Files\Android\Android Studio\jre\jre\bin\java.dll
0x00007fffc6eb0000 - 0x00007fffc6ec6000 	C:\Program Files\Android\Android Studio\jre\jre\bin\zip.dll
0x00007fffd11a0000 - 0x00007fffd1887000 	C:\WINDOWS\System32\SHELL32.dll
0x00007fffd25c0000 - 0x00007fffd2669000 	C:\WINDOWS\System32\shcore.dll
0x00007fffcfce0000 - 0x00007fffd0461000 	C:\WINDOWS\System32\windows.storage.dll
0x00007fffcfc00000 - 0x00007fffcfc23000 	C:\WINDOWS\System32\profapi.dll
0x00007fffcfb70000 - 0x00007fffcfbba000 	C:\WINDOWS\System32\powrprof.dll
0x00007fffcfb60000 - 0x00007fffcfb70000 	C:\WINDOWS\System32\UMPDC.dll
0x00007fffd2400000 - 0x00007fffd2452000 	C:\WINDOWS\System32\shlwapi.dll
0x00007fffcfbe0000 - 0x00007fffcfbf1000 	C:\WINDOWS\System32\kernel.appcore.dll
0x00007fffd0470000 - 0x00007fffd0487000 	C:\WINDOWS\System32\cryptsp.dll
0x00007fffc69c0000 - 0x00007fffc69da000 	C:\Program Files\Android\Android Studio\jre\jre\bin\net.dll
0x00007fffcf350000 - 0x00007fffcf3b7000 	C:\WINDOWS\system32\mswsock.dll
0x00007fffc69a0000 - 0x00007fffc69b3000 	C:\Program Files\Android\Android Studio\jre\jre\bin\nio.dll
0x00007fffc3c90000 - 0x00007fffc3cb7000 	C:\Users\sanja.todorovic\.gradle\native\f6784746aeab05261644944871eae4fe03e0ef1612fff0a4a95f87b438bc6780\windows-amd64\native-platform.dll
0x00007fffc8270000 - 0x00007fffc827d000 	C:\Program Files\Android\Android Studio\jre\jre\bin\management.dll
0x00007fffceec0000 - 0x00007fffceef3000 	C:\WINDOWS\system32\rsaenh.dll
0x00007fffd0660000 - 0x00007fffd0686000 	C:\WINDOWS\System32\bcrypt.dll
0x00007fffcfa40000 - 0x00007fffcfa65000 	C:\WINDOWS\SYSTEM32\USERENV.dll
0x00007fffcf520000 - 0x00007fffcf52c000 	C:\WINDOWS\SYSTEM32\CRYPTBASE.dll
0x00007fffcf060000 - 0x00007fffcf09a000 	C:\WINDOWS\SYSTEM32\IPHLPAPI.DLL
0x00007fffd2130000 - 0x00007fffd2138000 	C:\WINDOWS\System32\NSI.dll
0x00007fffcb2f0000 - 0x00007fffcb306000 	C:\WINDOWS\SYSTEM32\dhcpcsvc6.DLL
0x00007fffcb2d0000 - 0x00007fffcb2ec000 	C:\WINDOWS\SYSTEM32\dhcpcsvc.DLL
0x00007fffcf0a0000 - 0x00007fffcf16b000 	C:\WINDOWS\SYSTEM32\DNSAPI.dll
0x00007fffc8b70000 - 0x00007fffc8b7b000 	C:\WINDOWS\SYSTEM32\WINNSI.DLL
0x00007fffce850000 - 0x00007fffce881000 	C:\WINDOWS\SYSTEM32\ntmarta.dll
0x00007fffc68a0000 - 0x00007fffc68c4000 	C:\Program Files\Android\Android Studio\jre\jre\bin\sunec.dll
0x00007fffc3320000 - 0x00007fffc332a000 	C:\Windows\System32\rasadhlp.dll
0x00007fffc8a70000 - 0x00007fffc8ae7000 	C:\WINDOWS\System32\fwpuclnt.dll
0x00007fffc6970000 - 0x00007fffc697b000 	C:\Program Files\Android\Android Studio\jre\jre\bin\sunmscapi.dll
0x00007fffd0940000 - 0x00007fffd0a89000 	C:\WINDOWS\System32\CRYPT32.dll
0x00007fffcfbc0000 - 0x00007fffcfbd2000 	C:\WINDOWS\System32\MSASN1.dll

VM Arguments:
jvm_args: -Xmx2048m -Dfile.encoding=windows-1252 -Duser.country=GB -Duser.language=en -Duser.variant 
java_command: org.gradle.launcher.daemon.bootstrap.GradleDaemon 6.5
java_class_path (initial): C:\Users\sanja.todorovic\.gradle\wrapper\dists\gradle-6.5-bin\6nifqtx7604sqp1q6g8wikw7p\gradle-6.5\lib\gradle-launcher-6.5.jar
Launcher Type: SUN_STANDARD

Environment Variables:
JAVA_HOME=C:\Program Files\Java\jdk-12.0.1
PATH=C:\Program Files (x86)\Common Files\Oracle\Java\javapath;C:\Program Files (x86)\Intel\iCLS Client\;C:\Program Files\Intel\iCLS Client\;C:\WINDOWS\system32;C:\WINDOWS;C:\WINDOWS\System32\Wbem;C:\WINDOWS\System32\WindowsPowerShell\v1.0\;C:\Program Files (x86)\Intel\Intel(R) Management Engine Components\DAL;C:\Program Files\Intel\Intel(R) Management Engine Components\DAL;C:\Program Files (x86)\Intel\Intel(R) Management Engine Components\IPT;C:\Program Files\Intel\Intel(R) Management Engine Components\IPT;C:\WINDOWS\System32\OpenSSH\;c:\Program Files\Intel\WiFi\bin\;c:\Program Files\Common Files\Intel\WirelessCommon\;c:\dev\maven\apache-maven-3.6.1\bin;C:\Program Files\nodejs\;C:\Users\vlada.makevic\AppData\Local\Android\Sdk\platform-tools;C:\Program Files (x86)\Microsoft SQL Server\150\DTS\Binn\;C:\Program Files\Microsoft Network Monitor 3\;C:\Program Files\Microsoft SQL Server\Client SDK\ODBC\170\Tools\Binn\;C:\Program Files\PuTTY\;C:\Program Files\Git\cmd;C:\Users\sanja.todorovic\AppData\Local\Microsoft\WindowsApps;C:\Users\sanja.todorovic\AppData\Local\GitHubDesktop\bin
USERNAME=sanja.todorovic
OS=Windows_NT
PROCESSOR_IDENTIFIER=Intel64 Family 6 Model 158 Stepping 9, GenuineIntel



---------------  S Y S T E M  ---------------

OS: Windows 10.0 , 64 bit Build 18362 (10.0.18362.1110)

CPU:total 8 (initial active 8) (4 cores per cpu, 2 threads per core) family 6 model 158 stepping 9, cmov, cx8, fxsr, mmx, sse, sse2, sse3, ssse3, sse4.1, sse4.2, popcnt, avx, avx2, aes, clmul, erms, rtm, 3dnowpref, lzcnt, ht, tsc, tscinvbit, bmi1, bmi2, adx

Memory: 4k page, physical 16653520k(2538704k free), swap 20847824k(5140k free)

vm_info: OpenJDK 64-Bit Server VM (25.242-b01) for windows-amd64 JRE (1.8.0_242-release-1644-b01), built by "builder" with MS VC++ 10.0 (VS2010)

time: Mon Jan 04 14:28:48 2021
timezone: Central European Standard Time
elapsed time: 180 seconds (0d 0h 3m 0s)

