#
# There is insufficient memory for the Java Runtime Environment to continue.
# Native memory allocation (malloc) failed to allocate 1675456 bytes for Chunk::new
# Possible reasons:
#   The system is out of physical RAM or swap space
#   The process is running with CompressedOops enabled, and the Java Heap may be blocking the growth of the native heap
# Possible solutions:
#   Reduce memory load on the system
#   Increase physical memory or swap space
#   Check if swap backing store is full
#   Decrease Java heap size (-Xmx/-Xms)
#   Decrease number of Java threads
#   Decrease Java thread stack sizes (-Xss)
#   Set larger code cache with -XX:ReservedCodeCacheSize=
#   JVM is running with Unscaled Compressed Oops mode in which the Java heap is
#     placed in the first 4GB address space. The Java Heap base address is the
#     maximum limit for the native heap growth. Please use -XX:HeapBaseMinAddress
#     to set the Java Heap base and to place the Java Heap above 4GB virtual address.
# This output file may be truncated or incomplete.
#
#  Out of Memory Error (allocation.cpp:389), pid=21712, tid=0x00000000000036e4
#
# JRE version: OpenJDK Runtime Environment (8.0_242-b01) (build 1.8.0_242-release-1644-b01)
# Java VM: OpenJDK 64-Bit Server VM (25.242-b01 mixed mode windows-amd64 compressed oops)
# Failed to write core dump. Minidumps are not enabled by default on client versions of Windows
#

---------------  T H R E A D  ---------------

Current thread (0x0000000019de1000):  JavaThread "C2 CompilerThread0" daemon [_thread_in_native, id=14052, stack(0x000000001a6b0000,0x000000001a7b0000)]

Stack: [0x000000001a6b0000,0x000000001a7b0000]
[error occurred during error reporting (printing stack bounds), id 0xc0000005]

Native frames: (J=compiled Java code, j=interpreted, Vv=VM code, C=native code)


Current CompileTask:
C2:  21157 10443 %     4       com.android.tools.r8.ir.regalloc.a::a @ 2154 (3992 bytes)


---------------  P R O C E S S  ---------------

Java Threads: ( => current thread )
  0x000000001f44c800 JavaThread "Cache worker for execution history cache (C:\Users\sanja.todorovic\AndroidStudioProjects\MerkatorGejmifikacija\.gradle\6.5\executionHistory)" [_thread_blocked, id=10404, stack(0x000000002e010000,0x000000002e110000)]
  0x000000001f44c000 JavaThread "Execution worker for ':' Thread 7" [_thread_blocked, id=15036, stack(0x000000002df10000,0x000000002e010000)]
  0x000000001f44b000 JavaThread "Execution worker for ':' Thread 6" [_thread_blocked, id=16712, stack(0x000000002de10000,0x000000002df10000)]
  0x000000001f451800 JavaThread "Execution worker for ':' Thread 5" [_thread_blocked, id=24816, stack(0x000000002cd30000,0x000000002ce30000)]
  0x000000001f44e000 JavaThread "Execution worker for ':' Thread 4" [_thread_blocked, id=8716, stack(0x000000002cc30000,0x000000002cd30000)]
  0x000000001f44f000 JavaThread "Execution worker for ':' Thread 3" [_thread_blocked, id=4292, stack(0x000000002cb30000,0x000000002cc30000)]
  0x000000001f450800 JavaThread "Execution worker for ':' Thread 2" [_thread_blocked, id=33536, stack(0x000000002c570000,0x000000002c670000)]
  0x000000001f44d800 JavaThread "Execution worker for ':'" [_thread_blocked, id=18496, stack(0x000000002b460000,0x000000002b560000)]
  0x000000001f443800 JavaThread "Cache worker for file content cache (C:\Users\sanja.todorovic\AndroidStudioProjects\MerkatorGejmifikacija\.gradle\6.5\fileContent)" [_thread_blocked, id=26880, stack(0x000000002a7e0000,0x000000002a8e0000)]
  0x000000001f44a800 JavaThread "Memory manager" [_thread_blocked, id=35096, stack(0x000000002a2c0000,0x000000002a3c0000)]
  0x000000001f449800 JavaThread "Cache worker for Build Output Cleanup Cache (C:\Users\sanja.todorovic\AndroidStudioProjects\MerkatorGejmifikacija\.gradle\buildOutputCleanup)" [_thread_blocked, id=9760, stack(0x000000002a1c0000,0x000000002a2c0000)]
  0x000000001f442000 JavaThread "jar transforms Thread 92" [_thread_blocked, id=20644, stack(0x0000000029e20000,0x0000000029f20000)]
  0x000000001f444800 JavaThread "jar transforms Thread 91" [_thread_blocked, id=22172, stack(0x0000000029d20000,0x0000000029e20000)]
  0x000000001f449000 JavaThread "jar transforms Thread 90" [_thread_blocked, id=32184, stack(0x0000000029c20000,0x0000000029d20000)]
  0x000000001f448000 JavaThread "jar transforms Thread 89" [_thread_blocked, id=30528, stack(0x0000000029b20000,0x0000000029c20000)]
  0x000000001f447800 JavaThread "jar transforms Thread 88" [_thread_blocked, id=32072, stack(0x0000000029a20000,0x0000000029b20000)]
  0x000000001f445000 JavaThread "jar transforms Thread 87" [_thread_blocked, id=25668, stack(0x0000000029920000,0x0000000029a20000)]
  0x000000001f446000 JavaThread "jar transforms Thread 86" [_thread_blocked, id=13884, stack(0x0000000029820000,0x0000000029920000)]
  0x000000001f446800 JavaThread "jar transforms Thread 85" [_thread_blocked, id=6612, stack(0x0000000029720000,0x0000000029820000)]
  0x000000001f631000 JavaThread "jar transforms Thread 84" [_thread_blocked, id=14836, stack(0x0000000029620000,0x0000000029720000)]
  0x000000001f630800 JavaThread "jar transforms Thread 83" [_thread_blocked, id=37196, stack(0x0000000029520000,0x0000000029620000)]
  0x000000001f62f800 JavaThread "jar transforms Thread 82" [_thread_blocked, id=37268, stack(0x0000000029420000,0x0000000029520000)]
  0x000000001f62f000 JavaThread "jar transforms Thread 81" [_thread_blocked, id=9580, stack(0x0000000029320000,0x0000000029420000)]
  0x000000001f62c800 JavaThread "jar transforms Thread 80" [_thread_blocked, id=9268, stack(0x0000000029220000,0x0000000029320000)]
  0x000000001f62e000 JavaThread "jar transforms Thread 79" [_thread_blocked, id=24972, stack(0x0000000029120000,0x0000000029220000)]
  0x000000001f62c000 JavaThread "jar transforms Thread 78" [_thread_blocked, id=34220, stack(0x0000000029020000,0x0000000029120000)]
  0x000000001f62b000 JavaThread "jar transforms Thread 77" [_thread_blocked, id=37572, stack(0x0000000028f20000,0x0000000029020000)]
  0x000000001f62d800 JavaThread "jar transforms Thread 76" [_thread_blocked, id=36636, stack(0x0000000028e20000,0x0000000028f20000)]
  0x000000001f623800 JavaThread "jar transforms Thread 75" [_thread_blocked, id=25332, stack(0x0000000028d20000,0x0000000028e20000)]
  0x000000001f62a800 JavaThread "jar transforms Thread 74" [_thread_blocked, id=13928, stack(0x0000000028c20000,0x0000000028d20000)]
  0x000000001f627800 JavaThread "jar transforms Thread 73" [_thread_blocked, id=29568, stack(0x0000000028b20000,0x0000000028c20000)]
  0x000000001f626000 JavaThread "jar transforms Thread 72" [_thread_blocked, id=1808, stack(0x0000000028a20000,0x0000000028b20000)]
  0x000000001f625000 JavaThread "jar transforms Thread 71" [_thread_blocked, id=25480, stack(0x0000000028920000,0x0000000028a20000)]
  0x000000001f629800 JavaThread "jar transforms Thread 70" [_thread_blocked, id=1304, stack(0x0000000028820000,0x0000000028920000)]
  0x000000001f628000 JavaThread "jar transforms Thread 69" [_thread_blocked, id=21072, stack(0x0000000028720000,0x0000000028820000)]
  0x000000001f622000 JavaThread "jar transforms Thread 68" [_thread_blocked, id=37432, stack(0x0000000028620000,0x0000000028720000)]
  0x000000001f623000 JavaThread "jar transforms Thread 67" [_thread_blocked, id=32680, stack(0x0000000028520000,0x0000000028620000)]
  0x000000001f624800 JavaThread "jar transforms Thread 66" [_thread_blocked, id=30208, stack(0x0000000028420000,0x0000000028520000)]
  0x000000001f629000 JavaThread "jar transforms Thread 65" [_thread_blocked, id=23912, stack(0x0000000028320000,0x0000000028420000)]
  0x000000001f626800 JavaThread "jar transforms Thread 64" [_thread_blocked, id=4376, stack(0x0000000028220000,0x0000000028320000)]
  0x000000001b428000 JavaThread "jar transforms Thread 63" [_thread_blocked, id=9564, stack(0x0000000028120000,0x0000000028220000)]
  0x000000001b425000 JavaThread "jar transforms Thread 62" [_thread_blocked, id=19096, stack(0x0000000028020000,0x0000000028120000)]
  0x000000001b427000 JavaThread "jar transforms Thread 61" [_thread_blocked, id=24784, stack(0x0000000027f20000,0x0000000028020000)]
  0x000000001b42a000 JavaThread "jar transforms Thread 60" [_thread_blocked, id=29612, stack(0x0000000027e20000,0x0000000027f20000)]
  0x000000001b42b000 JavaThread "jar transforms Thread 59" [_thread_blocked, id=23156, stack(0x0000000027d20000,0x0000000027e20000)]
  0x000000001b429800 JavaThread "jar transforms Thread 58" [_thread_blocked, id=28348, stack(0x0000000027c20000,0x0000000027d20000)]
  0x000000001b424000 JavaThread "jar transforms Thread 57" [_thread_blocked, id=21616, stack(0x0000000027b20000,0x0000000027c20000)]
  0x000000001b425800 JavaThread "jar transforms Thread 56" [_thread_blocked, id=14204, stack(0x0000000027a20000,0x0000000027b20000)]
  0x000000001b426800 JavaThread "jar transforms Thread 55" [_thread_blocked, id=10876, stack(0x0000000027920000,0x0000000027a20000)]
  0x000000001b428800 JavaThread "jar transforms Thread 54" [_thread_blocked, id=37236, stack(0x0000000027820000,0x0000000027920000)]
  0x000000001b423800 JavaThread "jar transforms Thread 53" [_thread_blocked, id=37320, stack(0x0000000027720000,0x0000000027820000)]
  0x000000001b41c000 JavaThread "jar transforms Thread 52" [_thread_blocked, id=5672, stack(0x0000000027620000,0x0000000027720000)]
  0x000000001b41f800 JavaThread "jar transforms Thread 51" [_thread_blocked, id=8668, stack(0x0000000027520000,0x0000000027620000)]
  0x000000001b422800 JavaThread "jar transforms Thread 50" [_thread_blocked, id=21020, stack(0x0000000027420000,0x0000000027520000)]
  0x000000001b41e000 JavaThread "jar transforms Thread 49" [_thread_blocked, id=20244, stack(0x0000000027320000,0x0000000027420000)]
  0x000000001b41c800 JavaThread "jar transforms Thread 48" [_thread_blocked, id=14448, stack(0x0000000027220000,0x0000000027320000)]
  0x000000001b422000 JavaThread "jar transforms Thread 47" [_thread_blocked, id=31448, stack(0x0000000027120000,0x0000000027220000)]
  0x000000001b41d800 JavaThread "jar transforms Thread 46" [_thread_blocked, id=5408, stack(0x0000000027020000,0x0000000027120000)]
  0x000000001b420800 JavaThread "jar transforms Thread 45" [_thread_blocked, id=3768, stack(0x0000000026f20000,0x0000000027020000)]
  0x000000001b41f000 JavaThread "jar transforms Thread 44" [_thread_blocked, id=20264, stack(0x0000000026e20000,0x0000000026f20000)]
  0x000000001b421000 JavaThread "jar transforms Thread 43" [_thread_blocked, id=1104, stack(0x0000000026d20000,0x0000000026e20000)]
  0x0000000020761000 JavaThread "jar transforms Thread 42" [_thread_blocked, id=12532, stack(0x0000000026c20000,0x0000000026d20000)]
  0x0000000020760800 JavaThread "jar transforms Thread 41" [_thread_blocked, id=24232, stack(0x0000000026b20000,0x0000000026c20000)]
  0x000000002075f800 JavaThread "jar transforms Thread 40" [_thread_blocked, id=21304, stack(0x00000000266e0000,0x00000000267e0000)]
  0x000000002075e000 JavaThread "jar transforms Thread 39" [_thread_blocked, id=31264, stack(0x00000000265e0000,0x00000000266e0000)]
  0x0000000020762000 JavaThread "jar transforms Thread 38" [_thread_blocked, id=22640, stack(0x00000000264e0000,0x00000000265e0000)]
  0x000000002075f000 JavaThread "jar transforms Thread 37" [_thread_blocked, id=19896, stack(0x00000000263e0000,0x00000000264e0000)]
  0x0000000020756800 JavaThread "jar transforms Thread 36" [_thread_blocked, id=30292, stack(0x00000000262e0000,0x00000000263e0000)]
  0x000000002075d800 JavaThread "jar transforms Thread 35" [_thread_blocked, id=22760, stack(0x00000000261e0000,0x00000000262e0000)]
  0x000000002075c800 JavaThread "jar transforms Thread 34" [_thread_blocked, id=18656, stack(0x00000000260e0000,0x00000000261e0000)]
  0x000000002075c000 JavaThread "jar transforms Thread 33" [_thread_blocked, id=24916, stack(0x0000000025fe0000,0x00000000260e0000)]
  0x000000002075b000 JavaThread "jar transforms Thread 32" [_thread_blocked, id=924, stack(0x0000000025ee0000,0x0000000025fe0000)]
  0x0000000020753800 JavaThread "jar transforms Thread 31" [_thread_blocked, id=7280, stack(0x0000000025de0000,0x0000000025ee0000)]
  0x000000002075a800 JavaThread "jar transforms Thread 30" [_thread_blocked, id=8360, stack(0x0000000025ce0000,0x0000000025de0000)]
  0x0000000020756000 JavaThread "jar transforms Thread 29" [_thread_blocked, id=1684, stack(0x0000000025be0000,0x0000000025ce0000)]
  0x0000000020753000 JavaThread "jar transforms Thread 28" [_thread_blocked, id=32572, stack(0x0000000025ae0000,0x0000000025be0000)]
  0x0000000020759800 JavaThread "jar transforms Thread 27" [_thread_blocked, id=35976, stack(0x00000000259e0000,0x0000000025ae0000)]
  0x0000000020759000 JavaThread "jar transforms Thread 26" [_thread_blocked, id=34376, stack(0x00000000258e0000,0x00000000259e0000)]
  0x0000000020757800 JavaThread "jar transforms Thread 25" [_thread_blocked, id=7524, stack(0x00000000257e0000,0x00000000258e0000)]
  0x0000000020755000 JavaThread "jar transforms Thread 24" [_thread_blocked, id=10648, stack(0x00000000256e0000,0x00000000257e0000)]
  0x0000000020758000 JavaThread "jar transforms Thread 23" [_thread_blocked, id=11940, stack(0x00000000255e0000,0x00000000256e0000)]
  0x0000000020754800 JavaThread "jar transforms Thread 22" [_thread_blocked, id=13472, stack(0x00000000254e0000,0x00000000255e0000)]
  0x0000000021c70000 JavaThread "jar transforms Thread 21" [_thread_blocked, id=8948, stack(0x00000000253e0000,0x00000000254e0000)]
  0x0000000021c76000 JavaThread "jar transforms Thread 20" [_thread_blocked, id=33988, stack(0x00000000252e0000,0x00000000253e0000)]
  0x0000000021c75000 JavaThread "jar transforms Thread 19" [_thread_blocked, id=34080, stack(0x00000000251e0000,0x00000000252e0000)]
  0x0000000021c72000 JavaThread "jar transforms Thread 18" [_thread_blocked, id=18616, stack(0x00000000250e0000,0x00000000251e0000)]
  0x0000000021c70800 JavaThread "jar transforms Thread 17" [_thread_blocked, id=34404, stack(0x0000000024fe0000,0x00000000250e0000)]
  0x0000000021c71800 JavaThread "jar transforms Thread 16" [_thread_blocked, id=30628, stack(0x0000000024ee0000,0x0000000024fe0000)]
  0x0000000021c74800 JavaThread "jar transforms Thread 15" [_thread_blocked, id=23904, stack(0x0000000024de0000,0x0000000024ee0000)]
  0x0000000021c73800 JavaThread "jar transforms Thread 14" [_thread_blocked, id=21168, stack(0x0000000024ce0000,0x0000000024de0000)]
  0x0000000021c73000 JavaThread "jar transforms Thread 13" [_thread_blocked, id=36060, stack(0x0000000024be0000,0x0000000024ce0000)]
  0x0000000021c76800 JavaThread "jar transforms Thread 12" [_thread_blocked, id=31852, stack(0x0000000024ae0000,0x0000000024be0000)]
  0x0000000021c68800 JavaThread "jar transforms Thread 11" [_thread_blocked, id=26204, stack(0x00000000249e0000,0x0000000024ae0000)]
  0x0000000021c6f000 JavaThread "jar transforms Thread 10" [_thread_blocked, id=23132, stack(0x00000000248e0000,0x00000000249e0000)]
  0x0000000021c67800 JavaThread "jar transforms Thread 9" [_thread_blocked, id=10184, stack(0x00000000247e0000,0x00000000248e0000)]
  0x0000000021c69000 JavaThread "jar transforms Thread 8" [_thread_blocked, id=20552, stack(0x00000000246e0000,0x00000000247e0000)]
  0x0000000021c6e800 JavaThread "jar transforms Thread 7" [_thread_blocked, id=23000, stack(0x00000000245e0000,0x00000000246e0000)]
  0x0000000021c6d800 JavaThread "jar transforms Thread 6" [_thread_blocked, id=30828, stack(0x00000000244e0000,0x00000000245e0000)]
  0x0000000021c6d000 JavaThread "jar transforms Thread 5" [_thread_blocked, id=14092, stack(0x00000000243e0000,0x00000000244e0000)]
  0x0000000021c6a800 JavaThread "jar transforms Thread 4" [_thread_blocked, id=13740, stack(0x00000000242e0000,0x00000000243e0000)]
  0x0000000021c6c000 JavaThread "jar transforms Thread 3" [_thread_blocked, id=18168, stack(0x00000000241e0000,0x00000000242e0000)]
  0x0000000021c6a000 JavaThread "jar transforms Thread 2" [_thread_blocked, id=24192, stack(0x00000000240e0000,0x00000000241e0000)]
  0x0000000021c6b800 JavaThread "Build operations Thread 8" [_thread_blocked, id=37728, stack(0x0000000023fe0000,0x00000000240e0000)]
  0x000000001f69c000 JavaThread "Build operations Thread 7" [_thread_blocked, id=32448, stack(0x0000000023ee0000,0x0000000023fe0000)]
  0x000000001f69b800 JavaThread "Build operations Thread 6" [_thread_in_Java, id=25560, stack(0x0000000023de0000,0x0000000023ee0000)]
  0x000000001f69d800 JavaThread "Build operations Thread 5" [_thread_blocked, id=26960, stack(0x0000000023ce0000,0x0000000023de0000)]
  0x000000001f69a800 JavaThread "Build operations Thread 4" [_thread_blocked, id=29972, stack(0x0000000023be0000,0x0000000023ce0000)]
  0x000000001f69a000 JavaThread "Build operations Thread 3" [_thread_blocked, id=26320, stack(0x0000000023ae0000,0x0000000023be0000)]
  0x000000001f6a0000 JavaThread "Build operations Thread 2" [_thread_blocked, id=27604, stack(0x00000000239e0000,0x0000000023ae0000)]
  0x000000001f69e800 JavaThread "Build operations" [_thread_blocked, id=11556, stack(0x00000000238e0000,0x00000000239e0000)]
  0x000000001c9ed000 JavaThread "Cache worker for file content cache (C:\Users\sanja.todorovic\.gradle\caches\6.5\fileContent)" [_thread_blocked, id=13952, stack(0x00000000231e0000,0x00000000232e0000)]
  0x000000001c9f3000 JavaThread "jar transforms" [_thread_blocked, id=35572, stack(0x00000000230e0000,0x00000000231e0000)]
  0x000000001c9f1800 JavaThread "Cache worker for execution history cache (C:\Users\sanja.todorovic\.gradle\caches\6.5\executionHistory)" [_thread_blocked, id=22380, stack(0x00000000229e0000,0x0000000022ae0000)]
  0x000000001c9f0000 JavaThread "Cache worker for cache directory md-rule (C:\Users\sanja.todorovic\.gradle\caches\6.5\md-rule)" [_thread_blocked, id=26952, stack(0x00000000228e0000,0x00000000229e0000)]
  0x000000001c9ed800 JavaThread "Cache worker for cache directory md-supplier (C:\Users\sanja.todorovic\.gradle\caches\6.5\md-supplier)" [_thread_blocked, id=28852, stack(0x00000000227e0000,0x00000000228e0000)]
  0x000000001c9f2000 JavaThread "Cache worker for checksums cache (C:\Users\sanja.todorovic\AndroidStudioProjects\MerkatorGejmifikacija\.gradle\checksums)" [_thread_blocked, id=37496, stack(0x0000000021630000,0x0000000021730000)]
  0x000000001c9ef000 JavaThread "Cache worker for file hash cache (C:\Users\sanja.todorovic\AndroidStudioProjects\MerkatorGejmifikacija\.gradle\6.5\fileHashes)" [_thread_blocked, id=15156, stack(0x0000000021320000,0x0000000021420000)]
  0x000000001c9f4000 JavaThread "Cache worker for file hash cache (C:\Users\sanja.todorovic\.gradle\caches\6.5\fileHashes)" [_thread_blocked, id=2408, stack(0x000000001edd0000,0x000000001eed0000)]
  0x000000001c9f0800 JavaThread "File lock request listener" [_thread_in_native, id=28704, stack(0x000000001ecd0000,0x000000001edd0000)]
  0x000000001acfe800 JavaThread "Cache worker for journal cache (C:\Users\sanja.todorovic\.gradle\caches\journal-1)" [_thread_blocked, id=28976, stack(0x000000001ebd0000,0x000000001ecd0000)]
  0x000000001c9c6800 JavaThread "Thread-9" [_thread_blocked, id=37692, stack(0x000000001e8d0000,0x000000001e9d0000)]
  0x000000001c913000 JavaThread "Stdin handler" [_thread_blocked, id=6884, stack(0x000000001e7d0000,0x000000001e8d0000)]
  0x000000001c905000 JavaThread "Asynchronous log dispatcher for DefaultDaemonConnection: socket connection from /127.0.0.1:65103 to /127.0.0.1:65104" [_thread_blocked, id=28836, stack(0x000000001e6d0000,0x000000001e7d0000)]
  0x000000001c904000 JavaThread "Daemon worker" [_thread_blocked, id=30624, stack(0x000000001e5d0000,0x000000001e6d0000)]
  0x000000001c8ae000 JavaThread "Cancel handler" [_thread_blocked, id=36808, stack(0x000000001e3d0000,0x000000001e4d0000)]
  0x000000001c898800 JavaThread "Handler for socket connection from /127.0.0.1:65103 to /127.0.0.1:65104" [_thread_in_native, id=860, stack(0x000000001e0d0000,0x000000001e1d0000)]
  0x000000001c897800 JavaThread "Daemon" [_thread_blocked, id=36492, stack(0x000000001dfd0000,0x000000001e0d0000)]
  0x000000001c878000 JavaThread "Daemon periodic checks" [_thread_blocked, id=24764, stack(0x000000001ded0000,0x000000001dfd0000)]
  0x000000001c877000 JavaThread "Incoming local TCP Connector on port 65103" [_thread_in_native, id=35712, stack(0x000000001dc90000,0x000000001dd90000)]
  0x000000001c7e7800 JavaThread "Daemon health stats" [_thread_blocked, id=14420, stack(0x000000001d650000,0x000000001d750000)]
  0x0000000019e77800 JavaThread "Service Thread" daemon [_thread_blocked, id=14352, stack(0x000000001aab0000,0x000000001abb0000)]
  0x0000000019df8000 JavaThread "C1 CompilerThread3" daemon [_thread_blocked, id=13540, stack(0x000000001a9b0000,0x000000001aab0000)]
  0x0000000019de7800 JavaThread "C2 CompilerThread2" daemon [_thread_in_native, id=33304, stack(0x000000001a8b0000,0x000000001a9b0000)]
  0x0000000019de6000 JavaThread "C2 CompilerThread1" daemon [_thread_in_native, id=36168, stack(0x000000001a7b0000,0x000000001a8b0000)]
=>0x0000000019de1000 JavaThread "C2 CompilerThread0" daemon [_thread_in_native, id=14052, stack(0x000000001a6b0000,0x000000001a7b0000)]
  0x0000000019ddf800 JavaThread "Attach Listener" daemon [_thread_blocked, id=32292, stack(0x000000001a5b0000,0x000000001a6b0000)]
  0x0000000017fee800 JavaThread "Signal Dispatcher" daemon [_thread_blocked, id=27132, stack(0x000000001a4b0000,0x000000001a5b0000)]
  0x0000000019dd1800 JavaThread "Finalizer" daemon [_thread_blocked, id=34640, stack(0x000000001a2b0000,0x000000001a3b0000)]
  0x0000000019dd0800 JavaThread "Reference Handler" daemon [_thread_blocked, id=30332, stack(0x000000001a1b0000,0x000000001a2b0000)]
  0x0000000002d92800 JavaThread "main" [_thread_blocked, id=36372, stack(0x00000000014e0000,0x00000000015e0000)]

Other Threads:
  0x0000000017fd8000 VMThread [stack: 0x0000000019cb0000,0x0000000019db0000] [id=28924]
  0x0000000019e78000 WatcherThread [stack: 0x000000001abb0000,0x000000001acb0000] [id=29860]

VM state:not at safepoint (normal execution)

VM Mutex/Monitor currently owned by a thread: None

heap address: 0x0000000080000000, size: 2048 MB, Compressed Oops mode: 32-bit
Narrow klass base: 0x0000000000000000, Narrow klass shift: 3
Compressed class space size: 1073741824 Address: 0x0000000100000000

Heap:
 PSYoungGen      total 664064K, used 48918K [0x00000000d5580000, 0x0000000100000000, 0x0000000100000000)
  eden space 627200K, 5% used [0x00000000d5580000,0x00000000d7613e40,0x00000000fba00000)
  from space 36864K, 42% used [0x00000000fdc00000,0x00000000feb31ba8,0x0000000100000000)
  to   space 34816K, 0% used [0x00000000fba00000,0x00000000fba00000,0x00000000fdc00000)
 ParOldGen       total 210432K, used 185943K [0x0000000080000000, 0x000000008cd80000, 0x00000000d5580000)
  object space 210432K, 88% used [0x0000000080000000,0x000000008b595e70,0x000000008cd80000)
 Metaspace       used 76276K, capacity 81862K, committed 81944K, reserved 1120256K
  class space    used 10557K, capacity 11564K, committed 11568K, reserved 1048576K

Card table byte_map: [0x0000000012330000,0x0000000012740000] byte_map_base: 0x0000000011f30000

Marking Bits: (ParMarkBitMap*) 0x000000005e2cf030
 Begin Bits: [0x00000000131f0000, 0x00000000151f0000)
 End Bits:   [0x00000000151f0000, 0x00000000171f0000)

Polling page: 0x0000000001380000

CodeCache: size=245760Kb used=36738Kb max_used=37074Kb free=209021Kb
 bounds [0x0000000002f70000, 0x0000000005430000, 0x0000000011f70000]
 total_blobs=12601 nmethods=11793 adapters=718
 compilation: enabled

Compilation events (10 events):
Event: 21.059 Thread 0x0000000019df8000 14110 %     3       com.android.tools.r8.dex.r::a @ 59 (93 bytes)
Event: 21.060 Thread 0x0000000019df8000 nmethod 14110% 0x0000000004ab9f90 code [0x0000000004aba1a0, 0x0000000004aba9e8]
Event: 21.064 Thread 0x0000000019df8000 14111       3       com.android.tools.r8.graph.l0$d::a (57 bytes)
Event: 21.065 Thread 0x0000000019df8000 nmethod 14111 0x0000000004836fd0 code [0x00000000048371a0, 0x00000000048378b8]
Event: 21.092 Thread 0x0000000019df8000 14112       3       com.android.tools.r8.graph.X0::d (52 bytes)
Event: 21.092 Thread 0x0000000019df8000 nmethod 14112 0x00000000041789d0 code [0x0000000004178ba0, 0x00000000041792e8]
Event: 21.122 Thread 0x0000000019df8000 14113 %     3       com.android.tools.r8.dex.r::a @ 25 (171 bytes)
Event: 21.123 Thread 0x0000000019df8000 nmethod 14113% 0x00000000048fbc50 code [0x00000000048fbec0, 0x00000000048fce58]
Event: 21.150 Thread 0x0000000019df8000 14114       3       com.android.tools.r8.dex.r::a (171 bytes)
Event: 21.151 Thread 0x0000000019df8000 nmethod 14114 0x000000000503e850 code [0x000000000503eac0, 0x000000000503fa48]

GC Heap History (10 events):
Event: 16.924 GC heap before
{Heap before GC invocations=25 (full 3):
 PSYoungGen      total 651776K, used 620954K [0x00000000d5580000, 0x00000000fff00000, 0x0000000100000000)
  eden space 610816K, 100% used [0x00000000d5580000,0x00000000faa00000,0x00000000faa00000)
  from space 40960K, 24% used [0x00000000faa00000,0x00000000fb3e6830,0x00000000fd200000)
  to   space 38912K, 0% used [0x00000000fd900000,0x00000000fd900000,0x00000000fff00000)
 ParOldGen       total 210432K, used 165918K [0x0000000080000000, 0x000000008cd80000, 0x00000000d5580000)
  object space 210432K, 78% used [0x0000000080000000,0x000000008a2079f8,0x000000008cd80000)
 Metaspace       used 76188K, capacity 81790K, committed 81944K, reserved 1120256K
  class space    used 10556K, capacity 11564K, committed 11568K, reserved 1048576K
Event: 16.946 GC heap after
Heap after GC invocations=25 (full 3):
 PSYoungGen      total 651776K, used 13800K [0x00000000d5580000, 0x00000000ff900000, 0x0000000100000000)
  eden space 619008K, 0% used [0x00000000d5580000,0x00000000d5580000,0x00000000fb200000)
  from space 32768K, 42% used [0x00000000fd900000,0x00000000fe67a1b0,0x00000000ff900000)
  to   space 36352K, 0% used [0x00000000fb200000,0x00000000fb200000,0x00000000fd580000)
 ParOldGen       total 210432K, used 171970K [0x0000000080000000, 0x000000008cd80000, 0x00000000d5580000)
  object space 210432K, 81% used [0x0000000080000000,0x000000008a7f09b0,0x000000008cd80000)
 Metaspace       used 76188K, capacity 81790K, committed 81944K, reserved 1120256K
  class space    used 10556K, capacity 11564K, committed 11568K, reserved 1048576K
}
Event: 17.780 GC heap before
{Heap before GC invocations=26 (full 3):
 PSYoungGen      total 651776K, used 632808K [0x00000000d5580000, 0x00000000ff900000, 0x0000000100000000)
  eden space 619008K, 100% used [0x00000000d5580000,0x00000000fb200000,0x00000000fb200000)
  from space 32768K, 42% used [0x00000000fd900000,0x00000000fe67a1b0,0x00000000ff900000)
  to   space 36352K, 0% used [0x00000000fb200000,0x00000000fb200000,0x00000000fd580000)
 ParOldGen       total 210432K, used 171970K [0x0000000080000000, 0x000000008cd80000, 0x00000000d5580000)
  object space 210432K, 81% used [0x0000000080000000,0x000000008a7f09b0,0x000000008cd80000)
 Metaspace       used 76202K, capacity 81790K, committed 81944K, reserved 1120256K
  class space    used 10557K, capacity 11564K, committed 11568K, reserved 1048576K
Event: 17.796 GC heap after
Heap after GC invocations=26 (full 3):
 PSYoungGen      total 655360K, used 5616K [0x00000000d5580000, 0x0000000100000000, 0x0000000100000000)
  eden space 619008K, 0% used [0x00000000d5580000,0x00000000d5580000,0x00000000fb200000)
  from space 36352K, 15% used [0x00000000fb200000,0x00000000fb77c010,0x00000000fd580000)
  to   space 35328K, 0% used [0x00000000fdd80000,0x00000000fdd80000,0x0000000100000000)
 ParOldGen       total 210432K, used 182431K [0x0000000080000000, 0x000000008cd80000, 0x00000000d5580000)
  object space 210432K, 86% used [0x0000000080000000,0x000000008b227e50,0x000000008cd80000)
 Metaspace       used 76202K, capacity 81790K, committed 81944K, reserved 1120256K
  class space    used 10557K, capacity 11564K, committed 11568K, reserved 1048576K
}
Event: 18.686 GC heap before
{Heap before GC invocations=27 (full 3):
 PSYoungGen      total 655360K, used 624624K [0x00000000d5580000, 0x0000000100000000, 0x0000000100000000)
  eden space 619008K, 100% used [0x00000000d5580000,0x00000000fb200000,0x00000000fb200000)
  from space 36352K, 15% used [0x00000000fb200000,0x00000000fb77c010,0x00000000fd580000)
  to   space 35328K, 0% used [0x00000000fdd80000,0x00000000fdd80000,0x0000000100000000)
 ParOldGen       total 210432K, used 182431K [0x0000000080000000, 0x000000008cd80000, 0x00000000d5580000)
  object space 210432K, 86% used [0x0000000080000000,0x000000008b227e50,0x000000008cd80000)
 Metaspace       used 76248K, capacity 81794K, committed 81944K, reserved 1120256K
  class space    used 10557K, capacity 11564K, committed 11568K, reserved 1048576K
Event: 18.708 GC heap after
Heap after GC invocations=27 (full 3):
 PSYoungGen      total 662528K, used 19708K [0x00000000d5580000, 0x0000000100000000, 0x0000000100000000)
  eden space 627200K, 0% used [0x00000000d5580000,0x00000000d5580000,0x00000000fba00000)
  from space 35328K, 55% used [0x00000000fdd80000,0x00000000ff0bf1f8,0x0000000100000000)
  to   space 35840K, 0% used [0x00000000fba00000,0x00000000fba00000,0x00000000fdd00000)
 ParOldGen       total 210432K, used 182439K [0x0000000080000000, 0x000000008cd80000, 0x00000000d5580000)
  object space 210432K, 86% used [0x0000000080000000,0x000000008b229e50,0x000000008cd80000)
 Metaspace       used 76248K, capacity 81794K, committed 81944K, reserved 1120256K
  class space    used 10557K, capacity 11564K, committed 11568K, reserved 1048576K
}
Event: 19.183 GC heap before
{Heap before GC invocations=28 (full 3):
 PSYoungGen      total 662528K, used 646908K [0x00000000d5580000, 0x0000000100000000, 0x0000000100000000)
  eden space 627200K, 100% used [0x00000000d5580000,0x00000000fba00000,0x00000000fba00000)
  from space 35328K, 55% used [0x00000000fdd80000,0x00000000ff0bf1f8,0x0000000100000000)
  to   space 35840K, 0% used [0x00000000fba00000,0x00000000fba00000,0x00000000fdd00000)
 ParOldGen       total 210432K, used 182439K [0x0000000080000000, 0x000000008cd80000, 0x00000000d5580000)
  object space 210432K, 86% used [0x0000000080000000,0x000000008b229e50,0x000000008cd80000)
 Metaspace       used 76256K, capacity 81798K, committed 81944K, reserved 1120256K
  class space    used 10557K, capacity 11564K, committed 11568K, reserved 1048576K
Event: 19.203 GC heap after
Heap after GC invocations=28 (full 3):
 PSYoungGen      total 648704K, used 21428K [0x00000000d5580000, 0x0000000100000000, 0x0000000100000000)
  eden space 627200K, 0% used [0x00000000d5580000,0x00000000d5580000,0x00000000fba00000)
  from space 21504K, 99% used [0x00000000fba00000,0x00000000fceed000,0x00000000fcf00000)
  to   space 36864K, 0% used [0x00000000fdc00000,0x00000000fdc00000,0x0000000100000000)
 ParOldGen       total 210432K, used 182439K [0x0000000080000000, 0x000000008cd80000, 0x00000000d5580000)
  object space 210432K, 86% used [0x0000000080000000,0x000000008b229e50,0x000000008cd80000)
 Metaspace       used 76256K, capacity 81798K, committed 81944K, reserved 1120256K
  class space    used 10557K, capacity 11564K, committed 11568K, reserved 1048576K
}
Event: 20.967 GC heap before
{Heap before GC invocations=29 (full 3):
 PSYoungGen      total 648704K, used 648628K [0x00000000d5580000, 0x0000000100000000, 0x0000000100000000)
  eden space 627200K, 100% used [0x00000000d5580000,0x00000000fba00000,0x00000000fba00000)
  from space 21504K, 99% used [0x00000000fba00000,0x00000000fceed000,0x00000000fcf00000)
  to   space 36864K, 0% used [0x00000000fdc00000,0x00000000fdc00000,0x0000000100000000)
 ParOldGen       total 210432K, used 182439K [0x0000000080000000, 0x000000008cd80000, 0x00000000d5580000)
  object space 210432K, 86% used [0x0000000080000000,0x000000008b229e50,0x000000008cd80000)
 Metaspace       used 76268K, capacity 81862K, committed 81944K, reserved 1120256K
  class space    used 10557K, capacity 11564K, committed 11568K, reserved 1048576K
Event: 20.987 GC heap after
Heap after GC invocations=29 (full 3):
 PSYoungGen      total 664064K, used 15558K [0x00000000d5580000, 0x0000000100000000, 0x0000000100000000)
  eden space 627200K, 0% used [0x00000000d5580000,0x00000000d5580000,0x00000000fba00000)
  from space 36864K, 42% used [0x00000000fdc00000,0x00000000feb31ba8,0x0000000100000000)
  to   space 34816K, 0% used [0x00000000fba00000,0x00000000fba00000,0x00000000fdc00000)
 ParOldGen       total 210432K, used 185943K [0x0000000080000000, 0x000000008cd80000, 0x00000000d5580000)
  object space 210432K, 88% used [0x0000000080000000,0x000000008b595e70,0x000000008cd80000)
 Metaspace       used 76268K, capacity 81862K, committed 81944K, reserved 1120256K
  class space    used 10557K, capacity 11564K, committed 11568K, reserved 1048576K
}

Deoptimization events (10 events):
Event: 20.922 Thread 0x000000001f69b800 Uncommon trap: reason=array_check action=maybe_recompile pc=0x000000000491978c method=java.util.TimSort.mergeLo(IIII)V @ 81
Event: 20.923 Thread 0x000000001f69b800 Uncommon trap: reason=array_check action=maybe_recompile pc=0x000000000491978c method=java.util.TimSort.mergeLo(IIII)V @ 81
Event: 20.923 Thread 0x000000001f69b800 Uncommon trap: reason=array_check action=maybe_recompile pc=0x000000000491978c method=java.util.TimSort.mergeLo(IIII)V @ 81
Event: 20.924 Thread 0x000000001f69b800 Uncommon trap: reason=array_check action=maybe_recompile pc=0x000000000491978c method=java.util.TimSort.mergeLo(IIII)V @ 81
Event: 20.925 Thread 0x000000001f69b800 Uncommon trap: reason=array_check action=maybe_recompile pc=0x0000000004dc1080 method=java.util.TimSort.mergeHi(IIII)V @ 101
Event: 20.927 Thread 0x000000001f69b800 Uncommon trap: reason=array_check action=maybe_recompile pc=0x0000000004dc1080 method=java.util.TimSort.mergeHi(IIII)V @ 101
Event: 20.929 Thread 0x000000001f69b800 Uncommon trap: reason=array_check action=maybe_recompile pc=0x0000000004dc1080 method=java.util.TimSort.mergeHi(IIII)V @ 101
Event: 20.929 Thread 0x000000001f69b800 Uncommon trap: reason=array_check action=maybe_recompile pc=0x0000000004dc1080 method=java.util.TimSort.mergeHi(IIII)V @ 101
Event: 20.929 Thread 0x000000001f69b800 Uncommon trap: reason=array_check action=maybe_recompile pc=0x0000000004a4a770 method=java.util.TimSort.mergeHi(IIII)V @ 250
Event: 20.951 Thread 0x000000001f69b800 Uncommon trap: reason=array_check action=maybe_recompile pc=0x0000000004875d54 method=java.util.TimSort.mergeLo(IIII)V @ 212

Classes redefined (0 events):
No events

Internal exceptions (10 events):
Event: 18.552 Thread 0x000000001f69d800 Exception <a 'sun/nio/fs/WindowsException'> (0x00000000f13377f8) thrown at [C:\src\AOSP-openjdk-git\hotspot\src\share\vm\prims\jni.cpp, line 710]
Event: 18.572 Thread 0x000000001f6a0000 Exception <a 'sun/nio/fs/WindowsException'> (0x00000000f19ab0d0) thrown at [C:\src\AOSP-openjdk-git\hotspot\src\share\vm\prims\jni.cpp, line 710]
Event: 18.578 Thread 0x000000001f6a0000 Exception <a 'sun/nio/fs/WindowsException'> (0x00000000f1a3bb28) thrown at [C:\src\AOSP-openjdk-git\hotspot\src\share\vm\prims\jni.cpp, line 710]
Event: 18.609 Thread 0x000000001f69c000 Exception <a 'sun/nio/fs/WindowsException'> (0x00000000f1dfb010) thrown at [C:\src\AOSP-openjdk-git\hotspot\src\share\vm\prims\jni.cpp, line 710]
Event: 18.659 Thread 0x000000001f69a000 Exception <a 'sun/nio/fs/WindowsException'> (0x00000000f8628660) thrown at [C:\src\AOSP-openjdk-git\hotspot\src\share\vm\prims\jni.cpp, line 710]
Event: 18.663 Thread 0x000000001f69d800 Exception <a 'sun/nio/fs/WindowsException'> (0x00000000f881c468) thrown at [C:\src\AOSP-openjdk-git\hotspot\src\share\vm\prims\jni.cpp, line 710]
Event: 18.756 Thread 0x000000001f69a800 Exception <a 'sun/nio/fs/WindowsException'> (0x00000000d88e8258) thrown at [C:\src\AOSP-openjdk-git\hotspot\src\share\vm\prims\jni.cpp, line 710]
Event: 19.116 Thread 0x000000001f69c000 Exception <a 'sun/nio/fs/WindowsException'> (0x00000000f6b73fa0) thrown at [C:\src\AOSP-openjdk-git\hotspot\src\share\vm\prims\jni.cpp, line 710]
Event: 19.279 Thread 0x0000000021c6b800 Exception <a 'sun/nio/fs/WindowsException'> (0x00000000d8a47d78) thrown at [C:\src\AOSP-openjdk-git\hotspot\src\share\vm\prims\jni.cpp, line 710]
Event: 20.421 Thread 0x000000001f69d800 Exception <a 'sun/nio/fs/WindowsException'> (0x00000000fb224118) thrown at [C:\src\AOSP-openjdk-git\hotspot\src\share\vm\prims\jni.cpp, line 710]

Events (10 events):
Event: 20.932 Thread 0x0000000019df8000 flushing nmethod 0x0000000004eb19d0
Event: 20.944 Thread 0x0000000019df8000 flushing nmethod 0x00000000050386d0
Event: 20.944 Thread 0x0000000019df8000 flushing nmethod 0x000000000503e750
Event: 20.951 Thread 0x000000001f69b800 Uncommon trap: trap_request=0xffffffd6 fr.pc=0x0000000004875d54
Event: 20.951 Thread 0x000000001f69b800 DEOPT PACKING pc=0x0000000004875d54 sp=0x0000000023edafd0
Event: 20.951 Thread 0x000000001f69b800 DEOPT UNPACKING pc=0x0000000002fb557b sp=0x0000000023edafb8 mode 2
Event: 20.967 Executing VM operation: ParallelGCFailedAllocation
Event: 20.987 Executing VM operation: ParallelGCFailedAllocation done
Event: 21.092 Thread 0x000000001f69b800 DEOPT PACKING pc=0x00000000031f455a sp=0x0000000023edaca0
Event: 21.092 Thread 0x000000001f69b800 DEOPT UNPACKING pc=0x0000000002fb75d0 sp=0x0000000023eda9d0 mode 0


Dynamic libraries:
0x00007ff7b52c0000 - 0x00007ff7b52f1000 	C:\Program Files\Android\Android Studio\jre\bin\java.exe
0x00007fffd2cc0000 - 0x00007fffd2eb0000 	C:\WINDOWS\SYSTEM32\ntdll.dll
0x00007fffc2090000 - 0x00007fffc20a2000 	C:\Program Files\AVAST Software\Avast\aswhook.dll
0x00007fffd1890000 - 0x00007fffd1942000 	C:\WINDOWS\System32\KERNEL32.DLL
0x00007fffd0690000 - 0x00007fffd0935000 	C:\WINDOWS\System32\KERNELBASE.dll
0x00007fffd2280000 - 0x00007fffd2323000 	C:\WINDOWS\System32\ADVAPI32.dll
0x00007fffd1cf0000 - 0x00007fffd1d8e000 	C:\WINDOWS\System32\msvcrt.dll
0x00007fffd0fc0000 - 0x00007fffd1057000 	C:\WINDOWS\System32\sechost.dll
0x00007fffd2b60000 - 0x00007fffd2c80000 	C:\WINDOWS\System32\RPCRT4.dll
0x00007fffd0e20000 - 0x00007fffd0fb4000 	C:\WINDOWS\System32\USER32.dll
0x00007fffd0530000 - 0x00007fffd0551000 	C:\WINDOWS\System32\win32u.dll
0x00007fffd2100000 - 0x00007fffd2126000 	C:\WINDOWS\System32\GDI32.dll
0x00007fffd0bd0000 - 0x00007fffd0d66000 	C:\WINDOWS\System32\gdi32full.dll
0x00007fffd0490000 - 0x00007fffd052e000 	C:\WINDOWS\System32\msvcp_win.dll
0x00007fffd0560000 - 0x00007fffd065a000 	C:\WINDOWS\System32\ucrtbase.dll
0x00007fffbbad0000 - 0x00007fffbbd54000 	C:\WINDOWS\WinSxS\amd64_microsoft.windows.common-controls_6595b64144ccf1df_6.0.18362.1256_none_9e7e379be45e40e2\COMCTL32.dll
0x00007fffd1dc0000 - 0x00007fffd20f6000 	C:\WINDOWS\System32\combase.dll
0x00007fffd0a90000 - 0x00007fffd0b11000 	C:\WINDOWS\System32\bcryptPrimitives.dll
0x00007fffd1cc0000 - 0x00007fffd1cee000 	C:\WINDOWS\System32\IMM32.DLL
0x000000005da20000 - 0x000000005daf2000 	C:\Program Files\Android\Android Studio\jre\jre\bin\msvcr100.dll
0x000000005db00000 - 0x000000005e34b000 	C:\Program Files\Android\Android Studio\jre\jre\bin\server\jvm.dll
0x00007fffd1a80000 - 0x00007fffd1a88000 	C:\WINDOWS\System32\PSAPI.DLL
0x00007fffc0c30000 - 0x00007fffc0c39000 	C:\WINDOWS\SYSTEM32\WSOCK32.dll
0x00007fffd2140000 - 0x00007fffd21af000 	C:\WINDOWS\System32\WS2_32.dll
0x00007fffc18a0000 - 0x00007fffc18c4000 	C:\WINDOWS\SYSTEM32\WINMM.dll
0x00007fffc7180000 - 0x00007fffc718a000 	C:\WINDOWS\SYSTEM32\VERSION.dll
0x00007fffc1870000 - 0x00007fffc189d000 	C:\WINDOWS\SYSTEM32\WINMMBASE.dll
0x00007fffd0b20000 - 0x00007fffd0b6a000 	C:\WINDOWS\System32\cfgmgr32.dll
0x00007fffc8280000 - 0x00007fffc828f000 	C:\Program Files\Android\Android Studio\jre\jre\bin\verify.dll
0x00007fffc69e0000 - 0x00007fffc6a09000 	C:\Program Files\Android\Android Studio\jre\jre\bin\java.dll
0x00007fffc6eb0000 - 0x00007fffc6ec6000 	C:\Program Files\Android\Android Studio\jre\jre\bin\zip.dll
0x00007fffd11a0000 - 0x00007fffd1887000 	C:\WINDOWS\System32\SHELL32.dll
0x00007fffd25c0000 - 0x00007fffd2669000 	C:\WINDOWS\System32\shcore.dll
0x00007fffcfce0000 - 0x00007fffd0461000 	C:\WINDOWS\System32\windows.storage.dll
0x00007fffcfc00000 - 0x00007fffcfc23000 	C:\WINDOWS\System32\profapi.dll
0x00007fffcfb70000 - 0x00007fffcfbba000 	C:\WINDOWS\System32\powrprof.dll
0x00007fffcfb60000 - 0x00007fffcfb70000 	C:\WINDOWS\System32\UMPDC.dll
0x00007fffd2400000 - 0x00007fffd2452000 	C:\WINDOWS\System32\shlwapi.dll
0x00007fffcfbe0000 - 0x00007fffcfbf1000 	C:\WINDOWS\System32\kernel.appcore.dll
0x00007fffd0470000 - 0x00007fffd0487000 	C:\WINDOWS\System32\cryptsp.dll
0x00007fffc69c0000 - 0x00007fffc69da000 	C:\Program Files\Android\Android Studio\jre\jre\bin\net.dll
0x00007fffcf350000 - 0x00007fffcf3b7000 	C:\WINDOWS\system32\mswsock.dll
0x00007fffc69a0000 - 0x00007fffc69b3000 	C:\Program Files\Android\Android Studio\jre\jre\bin\nio.dll
0x00007fffc3c90000 - 0x00007fffc3cb7000 	C:\Users\sanja.todorovic\.gradle\native\f6784746aeab05261644944871eae4fe03e0ef1612fff0a4a95f87b438bc6780\windows-amd64\native-platform.dll
0x00007fffc8270000 - 0x00007fffc827d000 	C:\Program Files\Android\Android Studio\jre\jre\bin\management.dll
0x00007fffceec0000 - 0x00007fffceef3000 	C:\WINDOWS\system32\rsaenh.dll
0x00007fffd0660000 - 0x00007fffd0686000 	C:\WINDOWS\System32\bcrypt.dll
0x00007fffcfa40000 - 0x00007fffcfa65000 	C:\WINDOWS\SYSTEM32\USERENV.dll
0x00007fffcf520000 - 0x00007fffcf52c000 	C:\WINDOWS\SYSTEM32\CRYPTBASE.dll
0x00007fffcf060000 - 0x00007fffcf09a000 	C:\WINDOWS\SYSTEM32\IPHLPAPI.DLL
0x00007fffd2130000 - 0x00007fffd2138000 	C:\WINDOWS\System32\NSI.dll
0x00007fffcb2f0000 - 0x00007fffcb306000 	C:\WINDOWS\SYSTEM32\dhcpcsvc6.DLL
0x00007fffcb2d0000 - 0x00007fffcb2ec000 	C:\WINDOWS\SYSTEM32\dhcpcsvc.DLL
0x00007fffcf0a0000 - 0x00007fffcf16b000 	C:\WINDOWS\SYSTEM32\DNSAPI.dll
0x00007fffc8b70000 - 0x00007fffc8b7b000 	C:\WINDOWS\SYSTEM32\WINNSI.DLL

VM Arguments:
jvm_args: -Xmx2048m -Dfile.encoding=windows-1252 -Duser.country=GB -Duser.language=en -Duser.variant 
java_command: org.gradle.launcher.daemon.bootstrap.GradleDaemon 6.5
java_class_path (initial): C:\Users\sanja.todorovic\.gradle\wrapper\dists\gradle-6.5-bin\6nifqtx7604sqp1q6g8wikw7p\gradle-6.5\lib\gradle-launcher-6.5.jar
Launcher Type: SUN_STANDARD

Environment Variables:
JAVA_HOME=C:\Program Files\Java\jdk-12.0.1
PATH=C:\Program Files (x86)\Common Files\Oracle\Java\javapath;C:\Program Files (x86)\Intel\iCLS Client\;C:\Program Files\Intel\iCLS Client\;C:\WINDOWS\system32;C:\WINDOWS;C:\WINDOWS\System32\Wbem;C:\WINDOWS\System32\WindowsPowerShell\v1.0\;C:\Program Files (x86)\Intel\Intel(R) Management Engine Components\DAL;C:\Program Files\Intel\Intel(R) Management Engine Components\DAL;C:\Program Files (x86)\Intel\Intel(R) Management Engine Components\IPT;C:\Program Files\Intel\Intel(R) Management Engine Components\IPT;C:\WINDOWS\System32\OpenSSH\;c:\Program Files\Intel\WiFi\bin\;c:\Program Files\Common Files\Intel\WirelessCommon\;c:\dev\maven\apache-maven-3.6.1\bin;C:\Program Files\nodejs\;C:\Users\vlada.makevic\AppData\Local\Android\Sdk\platform-tools;C:\Program Files (x86)\Microsoft SQL Server\150\DTS\Binn\;C:\Program Files\Microsoft Network Monitor 3\;C:\Program Files\Microsoft SQL Server\Client SDK\ODBC\170\Tools\Binn\;C:\Program Files\PuTTY\;C:\Program Files\Git\cmd;C:\Users\sanja.todorovic\AppData\Local\Microsoft\WindowsApps;C:\Users\sanja.todorovic\AppData\Local\GitHubDesktop\bin
USERNAME=sanja.todorovic
OS=Windows_NT
PROCESSOR_IDENTIFIER=Intel64 Family 6 Model 158 Stepping 9, GenuineIntel



---------------  S Y S T E M  ---------------

OS: Windows 10.0 , 64 bit Build 18362 (10.0.18362.1110)

CPU:total 8 (initial active 8) (4 cores per cpu, 2 threads per core) family 6 model 158 stepping 9, cmov, cx8, fxsr, mmx, sse, sse2, sse3, ssse3, sse4.1, sse4.2, popcnt, avx, avx2, aes, clmul, erms, rtm, 3dnowpref, lzcnt, ht, tsc, tscinvbit, bmi1, bmi2, adx

Memory: 4k page, physical 16653520k(2626740k free), swap 20847824k(5496k free)

vm_info: OpenJDK 64-Bit Server VM (25.242-b01) for windows-amd64 JRE (1.8.0_242-release-1644-b01), built by "builder" with MS VC++ 10.0 (VS2010)

time: Mon Jan 04 14:30:03 2021
timezone: Central European Standard Time
elapsed time: 21 seconds (0d 0h 0m 21s)

