#
# There is insufficient memory for the Java Runtime Environment to continue.
# Native memory allocation (malloc) failed to allocate 1600656 bytes for Chunk::new
# Possible reasons:
#   The system is out of physical RAM or swap space
#   The process is running with CompressedOops enabled, and the Java Heap may be blocking the growth of the native heap
# Possible solutions:
#   Reduce memory load on the system
#   Increase physical memory or swap space
#   Check if swap backing store is full
#   Decrease Java heap size (-Xmx/-Xms)
#   Decrease number of Java threads
#   Decrease Java thread stack sizes (-Xss)
#   Set larger code cache with -XX:ReservedCodeCacheSize=
#   JVM is running with Unscaled Compressed Oops mode in which the Java heap is
#     placed in the first 4GB address space. The Java Heap base address is the
#     maximum limit for the native heap growth. Please use -XX:HeapBaseMinAddress
#     to set the Java Heap base and to place the Java Heap above 4GB virtual address.
# This output file may be truncated or incomplete.
#
#  Out of Memory Error (allocation.cpp:389), pid=24620, tid=0x000000000000249c
#
# JRE version: OpenJDK Runtime Environment (8.0_242-b01) (build 1.8.0_242-release-1644-b01)
# Java VM: OpenJDK 64-Bit Server VM (25.242-b01 mixed mode windows-amd64 compressed oops)
# Failed to write core dump. Minidumps are not enabled by default on client versions of Windows
#

---------------  T H R E A D  ---------------

Current thread (0x00000000198c8800):  JavaThread "C2 CompilerThread1" daemon [_thread_in_native, id=9372, stack(0x000000001a290000,0x000000001a390000)]

Stack: [0x000000001a290000,0x000000001a390000]
[error occurred during error reporting (printing stack bounds), id 0xc0000005]

Native frames: (J=compiled Java code, j=interpreted, Vv=VM code, C=native code)


Current CompileTask:
C2:  66953 13046 %     4       org.objectweb.asm.signature.SignatureReader::parseType @ 184 (411 bytes)


---------------  P R O C E S S  ---------------

Java Threads: ( => current thread )
  0x0000000020355000 JavaThread "Cache worker for execution history cache (C:\Users\sanja.todorovic\AndroidStudioProjects\MerkatorGejmifikacija\.gradle\6.5\executionHistory)" [_thread_blocked, id=13628, stack(0x00000000303e0000,0x00000000304e0000)]
  0x000000001a7c6800 JavaThread "Build operations Thread 8" [_thread_in_native, id=29760, stack(0x000000002d890000,0x000000002d990000)]
  0x000000001a8d0000 JavaThread "Build operations Thread 7" [_thread_in_Java, id=22988, stack(0x000000002d0c0000,0x000000002d1c0000)]
  0x000000001a8ce800 JavaThread "Build operations Thread 6" [_thread_in_Java, id=23856, stack(0x00000000262e0000,0x00000000263e0000)]
  0x000000001a8ce000 JavaThread "Build operations Thread 5" [_thread_blocked, id=37676, stack(0x00000000261e0000,0x00000000262e0000)]
  0x0000000024e5a000 JavaThread "Build operations Thread 4" [_thread_in_native, id=8232, stack(0x00000000260e0000,0x00000000261e0000)]
  0x0000000024e5b800 JavaThread "Build operations Thread 3" [_thread_in_native, id=27084, stack(0x0000000025fe0000,0x00000000260e0000)]
  0x0000000024e5d000 JavaThread "Build operations Thread 2" [_thread_blocked, id=13304, stack(0x0000000025ee0000,0x0000000025fe0000)]
  0x0000000024e5f800 JavaThread "Build operations" [_thread_blocked, id=37232, stack(0x0000000025de0000,0x0000000025ee0000)]
  0x00000000215bd800 JavaThread "Cache worker for Build Output Cleanup Cache (C:\Users\sanja.todorovic\AndroidStudioProjects\MerkatorGejmifikacija\.gradle\buildOutputCleanup)" [_thread_in_native, id=17420, stack(0x0000000025ce0000,0x0000000025de0000)]
  0x00000000215bc000 JavaThread "Cache worker for cache directory md-rule (C:\Users\sanja.todorovic\.gradle\caches\6.5\md-rule)" [_thread_blocked, id=11176, stack(0x00000000249d0000,0x0000000024ad0000)]
  0x00000000215bc800 JavaThread "Cache worker for cache directory md-supplier (C:\Users\sanja.todorovic\.gradle\caches\6.5\md-supplier)" [_thread_blocked, id=19504, stack(0x00000000244b0000,0x00000000245b0000)]
  0x00000000215bb000 JavaThread "Cache worker for checksums cache (C:\Users\sanja.todorovic\AndroidStudioProjects\MerkatorGejmifikacija\.gradle\checksums)" [_thread_blocked, id=33756, stack(0x0000000023bb0000,0x0000000023cb0000)]
  0x00000000215bf000 JavaThread "Cache worker for file hash cache (C:\Users\sanja.todorovic\AndroidStudioProjects\MerkatorGejmifikacija\.gradle\6.5\fileHashes)" [_thread_blocked, id=88, stack(0x0000000023ab0000,0x0000000023bb0000)]
  0x00000000215b3800 JavaThread "Thread-132" [_thread_blocked, id=20812, stack(0x00000000239b0000,0x0000000023ab0000)]
  0x00000000215ba800 JavaThread "Stdin handler" [_thread_blocked, id=568, stack(0x00000000221b0000,0x00000000222b0000)]
  0x00000000215b9800 JavaThread "Asynchronous log dispatcher for DefaultDaemonConnection: socket connection from /127.0.0.1:64803 to /127.0.0.1:64867" [_thread_blocked, id=29624, stack(0x000000001e3b0000,0x000000001e4b0000)]
  0x00000000215b9000 JavaThread "Cancel handler" [_thread_blocked, id=808, stack(0x000000001deb0000,0x000000001dfb0000)]
  0x00000000215b7800 JavaThread "Handler for socket connection from /127.0.0.1:64803 to /127.0.0.1:64867" [_thread_in_native, id=27624, stack(0x000000001ddb0000,0x000000001deb0000)]
  0x0000000024e56800 JavaThread "Memory manager" [_thread_blocked, id=22236, stack(0x000000002b7a0000,0x000000002b8a0000)]
  0x0000000024e55000 JavaThread "jar transforms Thread 92" [_thread_blocked, id=1540, stack(0x000000002b0a0000,0x000000002b1a0000)]
  0x0000000024e58000 JavaThread "jar transforms Thread 91" [_thread_blocked, id=16424, stack(0x000000002afa0000,0x000000002b0a0000)]
  0x0000000024e53800 JavaThread "jar transforms Thread 90" [_thread_blocked, id=32156, stack(0x000000002aea0000,0x000000002afa0000)]
  0x0000000024e52800 JavaThread "jar transforms Thread 89" [_thread_blocked, id=13912, stack(0x000000002ada0000,0x000000002aea0000)]
  0x0000000024e57000 JavaThread "jar transforms Thread 88" [_thread_blocked, id=18044, stack(0x000000002aca0000,0x000000002ada0000)]
  0x000000001fe03000 JavaThread "jar transforms Thread 87" [_thread_blocked, id=21500, stack(0x000000002aba0000,0x000000002aca0000)]
  0x000000001fe04000 JavaThread "jar transforms Thread 86" [_thread_blocked, id=26316, stack(0x000000002a9a0000,0x000000002aaa0000)]
  0x000000001fe01000 JavaThread "jar transforms Thread 85" [_thread_blocked, id=23692, stack(0x000000002a8a0000,0x000000002a9a0000)]
  0x000000001fe00000 JavaThread "jar transforms Thread 84" [_thread_blocked, id=20820, stack(0x000000002a7a0000,0x000000002a8a0000)]
  0x000000001fdfe000 JavaThread "jar transforms Thread 83" [_thread_blocked, id=17308, stack(0x000000002a6a0000,0x000000002a7a0000)]
  0x000000001fe02800 JavaThread "jar transforms Thread 82" [_thread_blocked, id=37712, stack(0x000000002a5a0000,0x000000002a6a0000)]
  0x000000001fe04800 JavaThread "jar transforms Thread 81" [_thread_blocked, id=31496, stack(0x000000002a4a0000,0x000000002a5a0000)]
  0x000000001fe01800 JavaThread "jar transforms Thread 80" [_thread_blocked, id=12624, stack(0x000000002a3a0000,0x000000002a4a0000)]
  0x000000001fdff800 JavaThread "jar transforms Thread 79" [_thread_blocked, id=20512, stack(0x000000002a2a0000,0x000000002a3a0000)]
  0x000000001fdf8800 JavaThread "jar transforms Thread 78" [_thread_blocked, id=37444, stack(0x000000002a1a0000,0x000000002a2a0000)]
  0x000000001fdfe800 JavaThread "jar transforms Thread 77" [_thread_blocked, id=23744, stack(0x000000002a0a0000,0x000000002a1a0000)]
  0x000000001fdfd000 JavaThread "jar transforms Thread 76" [_thread_blocked, id=15740, stack(0x0000000029fa0000,0x000000002a0a0000)]
  0x000000001fdf5800 JavaThread "jar transforms Thread 75" [_thread_blocked, id=14100, stack(0x0000000029ea0000,0x0000000029fa0000)]
  0x000000001fdfc800 JavaThread "jar transforms Thread 74" [_thread_blocked, id=14484, stack(0x0000000029da0000,0x0000000029ea0000)]
  0x000000001fdf8000 JavaThread "jar transforms Thread 73" [_thread_blocked, id=8296, stack(0x0000000029ca0000,0x0000000029da0000)]
  0x000000001fdfb000 JavaThread "jar transforms Thread 72" [_thread_blocked, id=9868, stack(0x0000000029ba0000,0x0000000029ca0000)]
  0x000000001fdf6800 JavaThread "jar transforms Thread 71" [_thread_blocked, id=14660, stack(0x0000000029aa0000,0x0000000029ba0000)]
  0x000000001fdf9800 JavaThread "jar transforms Thread 70" [_thread_blocked, id=19280, stack(0x00000000299a0000,0x0000000029aa0000)]
  0x000000001fdfb800 JavaThread "jar transforms Thread 69" [_thread_blocked, id=18144, stack(0x00000000298a0000,0x00000000299a0000)]
  0x000000001fdf7000 JavaThread "jar transforms Thread 68" [_thread_blocked, id=19420, stack(0x00000000297a0000,0x00000000298a0000)]
  0x000000001fdfa000 JavaThread "jar transforms Thread 67" [_thread_blocked, id=7732, stack(0x00000000296a0000,0x00000000297a0000)]
  0x000000001fb13800 JavaThread "jar transforms Thread 66" [_thread_blocked, id=25916, stack(0x00000000295a0000,0x00000000296a0000)]
  0x000000001fb12000 JavaThread "jar transforms Thread 65" [_thread_blocked, id=34784, stack(0x00000000294a0000,0x00000000295a0000)]
  0x000000001fb10800 JavaThread "jar transforms Thread 64" [_thread_blocked, id=16956, stack(0x00000000293a0000,0x00000000294a0000)]
  0x000000001fb0f800 JavaThread "jar transforms Thread 63" [_thread_blocked, id=27612, stack(0x00000000292a0000,0x00000000293a0000)]
  0x000000001fb11000 JavaThread "jar transforms Thread 62" [_thread_blocked, id=35944, stack(0x00000000291a0000,0x00000000292a0000)]
  0x000000001fb0f000 JavaThread "jar transforms Thread 61" [_thread_blocked, id=33192, stack(0x00000000290a0000,0x00000000291a0000)]
  0x000000001fb12800 JavaThread "jar transforms Thread 60" [_thread_blocked, id=19024, stack(0x0000000028fa0000,0x00000000290a0000)]
  0x000000001fb07800 JavaThread "jar transforms Thread 59" [_thread_blocked, id=17536, stack(0x0000000028ea0000,0x0000000028fa0000)]
  0x000000001fb0e000 JavaThread "jar transforms Thread 58" [_thread_blocked, id=30776, stack(0x0000000028da0000,0x0000000028ea0000)]
  0x000000001fb06800 JavaThread "jar transforms Thread 57" [_thread_blocked, id=3384, stack(0x0000000028ca0000,0x0000000028da0000)]
  0x000000001fb09000 JavaThread "jar transforms Thread 56" [_thread_blocked, id=26796, stack(0x0000000028ba0000,0x0000000028ca0000)]
  0x000000001fb0d800 JavaThread "jar transforms Thread 55" [_thread_blocked, id=4448, stack(0x0000000028aa0000,0x0000000028ba0000)]
  0x000000001fb06000 JavaThread "jar transforms Thread 54" [_thread_blocked, id=13288, stack(0x00000000289a0000,0x0000000028aa0000)]
  0x000000001fb0c800 JavaThread "jar transforms Thread 53" [_thread_blocked, id=18504, stack(0x00000000288a0000,0x00000000289a0000)]
  0x000000001fb09800 JavaThread "jar transforms Thread 52" [_thread_blocked, id=23476, stack(0x00000000287a0000,0x00000000288a0000)]
  0x000000001fb05000 JavaThread "jar transforms Thread 51" [_thread_blocked, id=15668, stack(0x00000000286a0000,0x00000000287a0000)]
  0x000000001fb0c000 JavaThread "jar transforms Thread 50" [_thread_blocked, id=6656, stack(0x00000000285a0000,0x00000000286a0000)]
  0x000000001fb04800 JavaThread "jar transforms Thread 49" [_thread_blocked, id=22460, stack(0x00000000284a0000,0x00000000285a0000)]
  0x000000001fb0b000 JavaThread "jar transforms Thread 48" [_thread_blocked, id=19356, stack(0x00000000283a0000,0x00000000284a0000)]
  0x000000001fb08000 JavaThread "jar transforms Thread 47" [_thread_blocked, id=17604, stack(0x00000000282a0000,0x00000000283a0000)]
  0x000000001fb0a800 JavaThread "jar transforms Thread 46" [_thread_blocked, id=26012, stack(0x00000000281a0000,0x00000000282a0000)]
  0x000000001a7cf000 JavaThread "jar transforms Thread 45" [_thread_blocked, id=19508, stack(0x00000000280a0000,0x00000000281a0000)]
  0x000000001a7cd800 JavaThread "jar transforms Thread 44" [_thread_blocked, id=24080, stack(0x0000000027fa0000,0x00000000280a0000)]
  0x000000001a7cc800 JavaThread "jar transforms Thread 43" [_thread_blocked, id=21472, stack(0x0000000027ea0000,0x0000000027fa0000)]
  0x000000001a7cc000 JavaThread "jar transforms Thread 42" [_thread_blocked, id=21176, stack(0x0000000027da0000,0x0000000027ea0000)]
  0x000000001a7cf800 JavaThread "jar transforms Thread 41" [_thread_blocked, id=37204, stack(0x0000000027ca0000,0x0000000027da0000)]
  0x000000001a7ce000 JavaThread "jar transforms Thread 40" [_thread_blocked, id=23436, stack(0x0000000027ba0000,0x0000000027ca0000)]
  0x000000001a7c4000 JavaThread "jar transforms Thread 39" [_thread_blocked, id=22700, stack(0x0000000027aa0000,0x0000000027ba0000)]
  0x000000001a7ca800 JavaThread "jar transforms Thread 38" [_thread_blocked, id=34504, stack(0x00000000279a0000,0x0000000027aa0000)]
  0x000000001a7cb000 JavaThread "jar transforms Thread 37" [_thread_blocked, id=32244, stack(0x00000000278a0000,0x00000000279a0000)]
  0x000000001a7c9800 JavaThread "jar transforms Thread 36" [_thread_blocked, id=29028, stack(0x0000000027530000,0x0000000027630000)]
  0x000000001a7c8800 JavaThread "jar transforms Thread 35" [_thread_blocked, id=29344, stack(0x0000000027430000,0x0000000027530000)]
  0x000000001a7c8000 JavaThread "jar transforms Thread 34" [_thread_blocked, id=11596, stack(0x0000000027330000,0x0000000027430000)]
  0x000000001a7c0800 JavaThread "jar transforms Thread 33" [_thread_blocked, id=5376, stack(0x0000000027230000,0x0000000027330000)]
  0x000000001a7c3800 JavaThread "jar transforms Thread 32" [_thread_blocked, id=2460, stack(0x0000000027130000,0x0000000027230000)]
  0x000000001a7c7000 JavaThread "jar transforms Thread 31" [_thread_blocked, id=11372, stack(0x0000000027030000,0x0000000027130000)]
  0x000000001a7c5800 JavaThread "jar transforms Thread 30" [_thread_blocked, id=21636, stack(0x0000000026f30000,0x0000000027030000)]
  0x000000001a7c1000 JavaThread "jar transforms Thread 29" [_thread_blocked, id=33872, stack(0x0000000026e30000,0x0000000026f30000)]
  0x000000001a7c5000 JavaThread "jar transforms Thread 28" [_thread_blocked, id=23376, stack(0x0000000026d30000,0x0000000026e30000)]
  0x000000001a7c2800 JavaThread "jar transforms Thread 27" [_thread_blocked, id=17132, stack(0x0000000026c30000,0x0000000026d30000)]
  0x000000001a7c2000 JavaThread "jar transforms Thread 26" [_thread_blocked, id=37000, stack(0x0000000026a20000,0x0000000026b20000)]
  0x00000000215b5000 JavaThread "Cache worker for file content cache (C:\Users\sanja.todorovic\.gradle\caches\6.5\fileContent)" [_thread_blocked, id=22736, stack(0x00000000243b0000,0x00000000244b0000)]
  0x00000000215b6000 JavaThread "Cache worker for execution history cache (C:\Users\sanja.todorovic\.gradle\caches\6.5\executionHistory)" [_thread_blocked, id=12976, stack(0x0000000023eb0000,0x0000000023fb0000)]
  0x000000001a8c8800 JavaThread "jar transforms Thread 25" [_thread_blocked, id=31528, stack(0x00000000236b0000,0x00000000237b0000)]
  0x000000001a8cd000 JavaThread "jar transforms Thread 24" [_thread_blocked, id=16468, stack(0x00000000235b0000,0x00000000236b0000)]
  0x000000001a8cc800 JavaThread "jar transforms Thread 23" [_thread_blocked, id=13632, stack(0x00000000234b0000,0x00000000235b0000)]
  0x000000001a8cb800 JavaThread "jar transforms Thread 22" [_thread_blocked, id=30648, stack(0x00000000233b0000,0x00000000234b0000)]
  0x000000001a8cb000 JavaThread "jar transforms Thread 21" [_thread_blocked, id=14564, stack(0x00000000232b0000,0x00000000233b0000)]
  0x000000001a8c9800 JavaThread "jar transforms Thread 20" [_thread_blocked, id=6124, stack(0x00000000231b0000,0x00000000232b0000)]
  0x000000001a8cf800 JavaThread "jar transforms Thread 19" [_thread_blocked, id=26104, stack(0x00000000230b0000,0x00000000231b0000)]
  0x000000001a8c3800 JavaThread "jar transforms Thread 18" [_thread_blocked, id=1940, stack(0x0000000022fb0000,0x00000000230b0000)]
  0x000000001a8c8000 JavaThread "jar transforms Thread 17" [_thread_blocked, id=22328, stack(0x0000000022eb0000,0x0000000022fb0000)]
  0x000000001a8c6800 JavaThread "jar transforms Thread 16" [_thread_blocked, id=15804, stack(0x0000000022db0000,0x0000000022eb0000)]
  0x000000001a8c7000 JavaThread "jar transforms Thread 15" [_thread_blocked, id=35328, stack(0x0000000022cb0000,0x0000000022db0000)]
  0x000000001a8ca000 JavaThread "jar transforms Thread 14" [_thread_blocked, id=26500, stack(0x0000000022bb0000,0x0000000022cb0000)]
  0x000000001a8c5000 JavaThread "jar transforms Thread 13" [_thread_blocked, id=11204, stack(0x0000000022ab0000,0x0000000022bb0000)]
  0x000000001a8c4000 JavaThread "jar transforms Thread 12" [_thread_blocked, id=35608, stack(0x00000000229b0000,0x0000000022ab0000)]
  0x000000001a8c1000 JavaThread "jar transforms Thread 11" [_thread_blocked, id=29688, stack(0x00000000228b0000,0x00000000229b0000)]
  0x000000001a8c2000 JavaThread "jar transforms Thread 10" [_thread_blocked, id=33888, stack(0x00000000227b0000,0x00000000228b0000)]
  0x000000001a8c2800 JavaThread "jar transforms Thread 9" [_thread_blocked, id=26472, stack(0x00000000226b0000,0x00000000227b0000)]
  0x000000001a8c5800 JavaThread "jar transforms Thread 8" [_thread_blocked, id=16040, stack(0x00000000225b0000,0x00000000226b0000)]
  0x000000001c22d000 JavaThread "jar transforms Thread 7" [_thread_blocked, id=21096, stack(0x00000000224b0000,0x00000000225b0000)]
  0x000000001c22c800 JavaThread "jar transforms Thread 6" [_thread_blocked, id=30340, stack(0x00000000223b0000,0x00000000224b0000)]
  0x000000001c226800 JavaThread "jar transforms Thread 5" [_thread_blocked, id=5892, stack(0x0000000020e50000,0x0000000020f50000)]
  0x000000001c22b800 JavaThread "jar transforms Thread 4" [_thread_blocked, id=4764, stack(0x0000000020d50000,0x0000000020e50000)]
  0x000000001c22b000 JavaThread "jar transforms Thread 3" [_thread_blocked, id=15688, stack(0x0000000020c50000,0x0000000020d50000)]
  0x000000001c22a000 JavaThread "jar transforms Thread 2" [_thread_blocked, id=18388, stack(0x0000000020b50000,0x0000000020c50000)]
  0x000000001c229800 JavaThread "jar transforms" [_thread_blocked, id=28648, stack(0x00000000222b0000,0x00000000223b0000)]
  0x000000001c227000 JavaThread "Cache worker for file hash cache (C:\Users\sanja.todorovic\.gradle\caches\6.5\fileHashes)" [_thread_in_Java, id=10012, stack(0x000000001e8b0000,0x000000001e9b0000)]
  0x000000001c228800 JavaThread "File lock request listener" [_thread_in_native, id=31128, stack(0x000000001e7b0000,0x000000001e8b0000)]
  0x000000001a846800 JavaThread "Cache worker for journal cache (C:\Users\sanja.todorovic\.gradle\caches\journal-1)" [_thread_blocked, id=24980, stack(0x000000001e6b0000,0x000000001e7b0000)]
  0x000000001c384000 JavaThread "Daemon worker" [_thread_blocked, id=31044, stack(0x000000001e0b0000,0x000000001e1b0000)]
  0x000000001c30e000 JavaThread "Daemon" [_thread_blocked, id=18164, stack(0x000000001dab0000,0x000000001dbb0000)]
  0x000000001c2fc800 JavaThread "Daemon periodic checks" [_thread_blocked, id=33036, stack(0x000000001d9b0000,0x000000001dab0000)]
  0x000000001c2dc000 JavaThread "Incoming local TCP Connector on port 64803" [_thread_in_native, id=25032, stack(0x000000001d770000,0x000000001d870000)]
  0x000000001c2c6800 JavaThread "Daemon health stats" [_thread_blocked, id=37456, stack(0x000000001d130000,0x000000001d230000)]
  0x000000001991a800 JavaThread "Service Thread" daemon [_thread_blocked, id=27620, stack(0x000000001a590000,0x000000001a690000)]
  0x00000000198d6000 JavaThread "C1 CompilerThread3" daemon [_thread_blocked, id=16372, stack(0x000000001a490000,0x000000001a590000)]
  0x00000000198ce000 JavaThread "C2 CompilerThread2" daemon [_thread_in_native, id=36476, stack(0x000000001a390000,0x000000001a490000)]
=>0x00000000198c8800 JavaThread "C2 CompilerThread1" daemon [_thread_in_native, id=9372, stack(0x000000001a290000,0x000000001a390000)]
  0x00000000198c1000 JavaThread "C2 CompilerThread0" daemon [_thread_in_native, id=33640, stack(0x000000001a190000,0x000000001a290000)]
  0x00000000198c0000 JavaThread "Attach Listener" daemon [_thread_blocked, id=2988, stack(0x000000001a090000,0x000000001a190000)]
  0x00000000198bf000 JavaThread "Signal Dispatcher" daemon [_thread_blocked, id=15452, stack(0x0000000019f90000,0x000000001a090000)]
  0x0000000017ad2800 JavaThread "Finalizer" daemon [_thread_blocked, id=16120, stack(0x0000000019d90000,0x0000000019e90000)]
  0x0000000017acb800 JavaThread "Reference Handler" daemon [_thread_blocked, id=18116, stack(0x0000000019c90000,0x0000000019d90000)]
  0x00000000028e2800 JavaThread "main" [_thread_blocked, id=17916, stack(0x0000000002790000,0x0000000002890000)]

Other Threads:
  0x0000000017ac7000 VMThread [stack: 0x0000000019790000,0x0000000019890000] [id=18308]
  0x000000001991b000 WatcherThread [stack: 0x000000001a690000,0x000000001a790000] [id=26808]

VM state:not at safepoint (normal execution)

VM Mutex/Monitor currently owned by a thread: None

heap address: 0x0000000080000000, size: 2048 MB, Compressed Oops mode: 32-bit
Narrow klass base: 0x0000000000000000, Narrow klass shift: 3
Compressed class space size: 1073741824 Address: 0x0000000100000000

Heap:
 PSYoungGen      total 651776K, used 151866K [0x00000000d5580000, 0x0000000100000000, 0x0000000100000000)
  eden space 614912K, 18% used [0x00000000d5580000,0x00000000dc77dbb0,0x00000000fae00000)
  from space 36864K, 95% used [0x00000000fdc00000,0x00000000ffe50cd0,0x0000000100000000)
  to   space 41984K, 0% used [0x00000000fae00000,0x00000000fae00000,0x00000000fd700000)
 ParOldGen       total 211456K, used 147446K [0x0000000080000000, 0x000000008ce80000, 0x00000000d5580000)
  object space 211456K, 69% used [0x0000000080000000,0x0000000088ffd880,0x000000008ce80000)
 Metaspace       used 87032K, capacity 92060K, committed 92120K, reserved 1128448K
  class space    used 11541K, capacity 12534K, committed 12544K, reserved 1048576K

Card table byte_map: [0x0000000011e20000,0x0000000012230000] byte_map_base: 0x0000000011a20000

Marking Bits: (ParMarkBitMap*) 0x000000005e2cf030
 Begin Bits: [0x0000000012ce0000, 0x0000000014ce0000)
 End Bits:   [0x0000000014ce0000, 0x0000000016ce0000)

Polling page: 0x0000000000f00000

CodeCache: size=245760Kb used=36982Kb max_used=36982Kb free=208777Kb
 bounds [0x0000000002a60000, 0x0000000004eb0000, 0x0000000011a60000]
 total_blobs=11858 nmethods=11001 adapters=766
 compilation: enabled

Compilation events (10 events):
Event: 66.948 Thread 0x00000000198d6000 13293       2       org.gradle.api.internal.file.archive.JdkZipEntry::getInputStream (13 bytes)
Event: 66.948 Thread 0x00000000198d6000 nmethod 13293 0x0000000004ea3010 code [0x0000000004ea3180, 0x0000000004ea3328]
Event: 66.948 Thread 0x00000000198d6000 13294       2       org.gradle.api.internal.changedetection.state.RuntimeClasspathResourceHasher::hash (20 bytes)
Event: 66.949 Thread 0x00000000198d6000 nmethod 13294 0x0000000004ea33d0 code [0x0000000004ea3580, 0x0000000004ea3a08]
Event: 66.949 Thread 0x00000000198d6000 13296       2       org.gradle.internal.hash.HashingOutputStream::<init> (28 bytes)
Event: 66.950 Thread 0x00000000198d6000 nmethod 13296 0x0000000004ea3dd0 code [0x0000000004ea3f80, 0x0000000004ea4418]
Event: 66.950 Thread 0x00000000198d6000 13295       2       org.gradle.internal.hash.Hashing::primitiveStreamHasher (7 bytes)
Event: 66.950 Thread 0x00000000198d6000 nmethod 13295 0x0000000004ea4750 code [0x0000000004ea48e0, 0x0000000004ea4c88]
Event: 66.950 Thread 0x00000000198d6000 13297       2       org.gradle.internal.fingerprint.impl.DefaultFileSystemLocationFingerprint::appendToHasher (21 bytes)
Event: 66.951 Thread 0x00000000198d6000 nmethod 13297 0x0000000004ea5090 code [0x0000000004ea52a0, 0x0000000004ea5908]

GC Heap History (10 events):
Event: 19.337 GC heap before
{Heap before GC invocations=21 (full 3):
 PSYoungGen      total 425984K, used 390692K [0x00000000d5580000, 0x00000000f8600000, 0x0000000100000000)
  eden space 385024K, 100% used [0x00000000d5580000,0x00000000ecd80000,0x00000000ecd80000)
  from space 40960K, 13% used [0x00000000ecd80000,0x00000000ed3092e0,0x00000000ef580000)
  to   space 40960K, 0% used [0x00000000f5e00000,0x00000000f5e00000,0x00000000f8600000)
 ParOldGen       total 211456K, used 114128K [0x0000000080000000, 0x000000008ce80000, 0x00000000d5580000)
  object space 211456K, 53% used [0x0000000080000000,0x0000000086f74368,0x000000008ce80000)
 Metaspace       used 78568K, capacity 83052K, committed 83288K, reserved 1120256K
  class space    used 10690K, capacity 11542K, committed 11648K, reserved 1048576K
Event: 19.349 GC heap after
Heap after GC invocations=21 (full 3):
 PSYoungGen      total 522752K, used 12253K [0x00000000d5580000, 0x00000000f7f80000, 0x0000000100000000)
  eden space 488448K, 0% used [0x00000000d5580000,0x00000000d5580000,0x00000000f3280000)
  from space 34304K, 35% used [0x00000000f5e00000,0x00000000f69f76b8,0x00000000f7f80000)
  to   space 39424K, 0% used [0x00000000f3280000,0x00000000f3280000,0x00000000f5900000)
 ParOldGen       total 211456K, used 119631K [0x0000000080000000, 0x000000008ce80000, 0x00000000d5580000)
  object space 211456K, 56% used [0x0000000080000000,0x00000000874d3c78,0x000000008ce80000)
 Metaspace       used 78568K, capacity 83052K, committed 83288K, reserved 1120256K
  class space    used 10690K, capacity 11542K, committed 11648K, reserved 1048576K
}
Event: 19.752 GC heap before
{Heap before GC invocations=22 (full 3):
 PSYoungGen      total 522752K, used 500701K [0x00000000d5580000, 0x00000000f7f80000, 0x0000000100000000)
  eden space 488448K, 100% used [0x00000000d5580000,0x00000000f3280000,0x00000000f3280000)
  from space 34304K, 35% used [0x00000000f5e00000,0x00000000f69f76b8,0x00000000f7f80000)
  to   space 39424K, 0% used [0x00000000f3280000,0x00000000f3280000,0x00000000f5900000)
 ParOldGen       total 211456K, used 119631K [0x0000000080000000, 0x000000008ce80000, 0x00000000d5580000)
  object space 211456K, 56% used [0x0000000080000000,0x00000000874d3c78,0x000000008ce80000)
 Metaspace       used 78576K, capacity 83052K, committed 83288K, reserved 1120256K
  class space    used 10690K, capacity 11542K, committed 11648K, reserved 1048576K
Event: 19.762 GC heap after
Heap after GC invocations=22 (full 3):
 PSYoungGen      total 527872K, used 5358K [0x00000000d5580000, 0x00000000ff780000, 0x0000000100000000)
  eden space 488448K, 0% used [0x00000000d5580000,0x00000000d5580000,0x00000000f3280000)
  from space 39424K, 13% used [0x00000000f3280000,0x00000000f37bba58,0x00000000f5900000)
  to   space 39424K, 0% used [0x00000000fd100000,0x00000000fd100000,0x00000000ff780000)
 ParOldGen       total 211456K, used 125312K [0x0000000080000000, 0x000000008ce80000, 0x00000000d5580000)
  object space 211456K, 59% used [0x0000000080000000,0x0000000087a601e8,0x000000008ce80000)
 Metaspace       used 78576K, capacity 83052K, committed 83288K, reserved 1120256K
  class space    used 10690K, capacity 11542K, committed 11648K, reserved 1048576K
}
Event: 20.282 GC heap before
{Heap before GC invocations=23 (full 3):
 PSYoungGen      total 527872K, used 493806K [0x00000000d5580000, 0x00000000ff780000, 0x0000000100000000)
  eden space 488448K, 100% used [0x00000000d5580000,0x00000000f3280000,0x00000000f3280000)
  from space 39424K, 13% used [0x00000000f3280000,0x00000000f37bba58,0x00000000f5900000)
  to   space 39424K, 0% used [0x00000000fd100000,0x00000000fd100000,0x00000000ff780000)
 ParOldGen       total 211456K, used 125312K [0x0000000080000000, 0x000000008ce80000, 0x00000000d5580000)
  object space 211456K, 59% used [0x0000000080000000,0x0000000087a601e8,0x000000008ce80000)
 Metaspace       used 78576K, capacity 83052K, committed 83288K, reserved 1120256K
  class space    used 10690K, capacity 11542K, committed 11648K, reserved 1048576K
Event: 20.291 GC heap after
Heap after GC invocations=23 (full 3):
 PSYoungGen      total 631296K, used 5363K [0x00000000d5580000, 0x00000000fed80000, 0x0000000100000000)
  eden space 602112K, 0% used [0x00000000d5580000,0x00000000d5580000,0x00000000fa180000)
  from space 29184K, 18% used [0x00000000fd100000,0x00000000fd63cc30,0x00000000fed80000)
  to   space 38912K, 0% used [0x00000000fa180000,0x00000000fa180000,0x00000000fc780000)
 ParOldGen       total 211456K, used 130556K [0x0000000080000000, 0x000000008ce80000, 0x00000000d5580000)
  object space 211456K, 61% used [0x0000000080000000,0x0000000087f7f2d0,0x000000008ce80000)
 Metaspace       used 78576K, capacity 83052K, committed 83288K, reserved 1120256K
  class space    used 10690K, capacity 11542K, committed 11648K, reserved 1048576K
}
Event: 21.477 GC heap before
{Heap before GC invocations=24 (full 3):
 PSYoungGen      total 631296K, used 607475K [0x00000000d5580000, 0x00000000fed80000, 0x0000000100000000)
  eden space 602112K, 100% used [0x00000000d5580000,0x00000000fa180000,0x00000000fa180000)
  from space 29184K, 18% used [0x00000000fd100000,0x00000000fd63cc30,0x00000000fed80000)
  to   space 38912K, 0% used [0x00000000fa180000,0x00000000fa180000,0x00000000fc780000)
 ParOldGen       total 211456K, used 130556K [0x0000000080000000, 0x000000008ce80000, 0x00000000d5580000)
  object space 211456K, 61% used [0x0000000080000000,0x0000000087f7f2d0,0x000000008ce80000)
 Metaspace       used 79377K, capacity 83840K, committed 84056K, reserved 1122304K
  class space    used 10741K, capacity 11586K, committed 11648K, reserved 1048576K
Event: 21.490 GC heap after
Heap after GC invocations=24 (full 3):
 PSYoungGen      total 641024K, used 15938K [0x00000000d5580000, 0x0000000100000000, 0x0000000100000000)
  eden space 602112K, 0% used [0x00000000d5580000,0x00000000d5580000,0x00000000fa180000)
  from space 38912K, 40% used [0x00000000fa180000,0x00000000fb110bb0,0x00000000fc780000)
  to   space 36864K, 0% used [0x00000000fdc00000,0x00000000fdc00000,0x0000000100000000)
 ParOldGen       total 211456K, used 135689K [0x0000000080000000, 0x000000008ce80000, 0x00000000d5580000)
  object space 211456K, 64% used [0x0000000080000000,0x00000000884825b8,0x000000008ce80000)
 Metaspace       used 79377K, capacity 83840K, committed 84056K, reserved 1122304K
  class space    used 10741K, capacity 11586K, committed 11648K, reserved 1048576K
}
Event: 66.270 GC heap before
{Heap before GC invocations=25 (full 3):
 PSYoungGen      total 641024K, used 618050K [0x00000000d5580000, 0x0000000100000000, 0x0000000100000000)
  eden space 602112K, 100% used [0x00000000d5580000,0x00000000fa180000,0x00000000fa180000)
  from space 38912K, 40% used [0x00000000fa180000,0x00000000fb110bb0,0x00000000fc780000)
  to   space 36864K, 0% used [0x00000000fdc00000,0x00000000fdc00000,0x0000000100000000)
 ParOldGen       total 211456K, used 135689K [0x0000000080000000, 0x000000008ce80000, 0x00000000d5580000)
  object space 211456K, 64% used [0x0000000080000000,0x00000000884825b8,0x000000008ce80000)
 Metaspace       used 86865K, capacity 91970K, committed 92120K, reserved 1128448K
  class space    used 11533K, capacity 12533K, committed 12544K, reserved 1048576K
Event: 66.321 GC heap after
Heap after GC invocations=25 (full 3):
 PSYoungGen      total 651776K, used 35139K [0x00000000d5580000, 0x0000000100000000, 0x0000000100000000)
  eden space 614912K, 0% used [0x00000000d5580000,0x00000000d5580000,0x00000000fae00000)
  from space 36864K, 95% used [0x00000000fdc00000,0x00000000ffe50cd0,0x0000000100000000)
  to   space 41984K, 0% used [0x00000000fae00000,0x00000000fae00000,0x00000000fd700000)
 ParOldGen       total 211456K, used 147446K [0x0000000080000000, 0x000000008ce80000, 0x00000000d5580000)
  object space 211456K, 69% used [0x0000000080000000,0x0000000088ffd880,0x000000008ce80000)
 Metaspace       used 86865K, capacity 91970K, committed 92120K, reserved 1128448K
  class space    used 11533K, capacity 12533K, committed 12544K, reserved 1048576K
}

Deoptimization events (10 events):
Event: 66.327 Thread 0x000000001a8d0000 Uncommon trap: reason=unstable_if action=reinterpret pc=0x000000000479b134 method=com.android.tools.build.jetifier.core.type.JavaType.equals(Ljava/lang/Object;)Z @ 2
Event: 66.327 Thread 0x000000001a8d0000 Uncommon trap: reason=unstable_if action=reinterpret pc=0x00000000039d5c98 method=com.android.tools.build.jetifier.core.type.JavaType.equals(Ljava/lang/Object;)Z @ 2
Event: 66.340 Thread 0x000000001a8d0000 Uncommon trap: reason=unstable_if action=reinterpret pc=0x0000000002f3e0ec method=java.util.regex.Pattern$Dollar.match(Ljava/util/regex/Matcher;ILjava/lang/CharSequence;)Z @ 86
Event: 66.344 Thread 0x000000001a8d0000 Uncommon trap: reason=bimorphic action=maybe_recompile pc=0x0000000002d7e1b4 method=java.util.regex.Pattern$SliceI.match(Ljava/util/regex/Matcher;ILjava/lang/CharSequence;)Z @ 92
Event: 66.360 Thread 0x000000001a8ce800 Uncommon trap: reason=unstable_if action=reinterpret pc=0x000000000469e51c method=com.android.tools.build.jetifier.core.config.Config.isEligibleForRewrite(Lcom/android/tools/build/jetifier/core/type/JavaType;)Z @ 14
Event: 66.653 Thread 0x0000000024e5d000 Uncommon trap: reason=unstable_if action=reinterpret pc=0x0000000004b9486c method=org.objectweb.asm.ClassReader.accept(Lorg/objectweb/asm/ClassVisitor;[Lorg/objectweb/asm/Attribute;I)V @ 418
Event: 66.654 Thread 0x0000000024e5d000 Uncommon trap: reason=unstable_if action=reinterpret pc=0x0000000002bad6a0 method=org.objectweb.asm.Label.addLineNumber(I)V @ 4
Event: 66.654 Thread 0x0000000024e5d000 Uncommon trap: reason=unstable_if action=reinterpret pc=0x0000000004a5e34c method=org.objectweb.asm.Label.accept(Lorg/objectweb/asm/MethodVisitor;Z)V @ 32
Event: 66.881 Thread 0x000000001a8ce000 Uncommon trap: reason=bimorphic action=maybe_recompile pc=0x0000000002d7e1b4 method=java.util.regex.Pattern$SliceI.match(Ljava/util/regex/Matcher;ILjava/lang/CharSequence;)Z @ 92
Event: 66.885 Thread 0x000000001a7c6800 Uncommon trap: reason=bimorphic action=maybe_recompile pc=0x0000000002d7e1b4 method=java.util.regex.Pattern$SliceI.match(Ljava/util/regex/Matcher;ILjava/lang/CharSequence;)Z @ 92

Classes redefined (0 events):
No events

Internal exceptions (10 events):
Event: 66.658 Thread 0x0000000024e5d000 Exception <a 'sun/nio/fs/WindowsException'> (0x00000000da8b9280) thrown at [C:\src\AOSP-openjdk-git\hotspot\src\share\vm\prims\jni.cpp, line 710]
Event: 66.678 Thread 0x000000001a8ce000 Exception <a 'sun/nio/fs/WindowsException'> (0x00000000dac90d98) thrown at [C:\src\AOSP-openjdk-git\hotspot\src\share\vm\prims\jni.cpp, line 710]
Event: 66.882 Thread 0x000000001a8ce000 Exception <a 'sun/nio/fs/WindowsException'> (0x00000000db689e58) thrown at [C:\src\AOSP-openjdk-git\hotspot\src\share\vm\prims\jni.cpp, line 710]
Event: 66.882 Thread 0x000000001a8ce000 Exception <a 'sun/nio/fs/WindowsException'> (0x00000000db68a780) thrown at [C:\src\AOSP-openjdk-git\hotspot\src\share\vm\prims\jni.cpp, line 710]
Event: 66.882 Thread 0x000000001a8ce000 Exception <a 'sun/nio/fs/WindowsException'> (0x00000000db68c208) thrown at [C:\src\AOSP-openjdk-git\hotspot\src\share\vm\prims\jni.cpp, line 710]
Event: 66.883 Thread 0x000000001a8ce000 Exception <a 'sun/nio/fs/WindowsException'> (0x00000000db68cc18) thrown at [C:\src\AOSP-openjdk-git\hotspot\src\share\vm\prims\jni.cpp, line 710]
Event: 66.885 Thread 0x000000001a7c6800 Exception <a 'sun/nio/fs/WindowsException'> (0x00000000db788fc0) thrown at [C:\src\AOSP-openjdk-git\hotspot\src\share\vm\prims\jni.cpp, line 710]
Event: 66.885 Thread 0x000000001a7c6800 Exception <a 'sun/nio/fs/WindowsException'> (0x00000000db7898e0) thrown at [C:\src\AOSP-openjdk-git\hotspot\src\share\vm\prims\jni.cpp, line 710]
Event: 66.885 Thread 0x000000001a7c6800 Exception <a 'sun/nio/fs/WindowsException'> (0x00000000db78b368) thrown at [C:\src\AOSP-openjdk-git\hotspot\src\share\vm\prims\jni.cpp, line 710]
Event: 66.886 Thread 0x000000001a7c6800 Exception <a 'sun/nio/fs/WindowsException'> (0x00000000db78bd70) thrown at [C:\src\AOSP-openjdk-git\hotspot\src\share\vm\prims\jni.cpp, line 710]

Events (10 events):
Event: 66.654 Thread 0x0000000024e5d000 DEOPT UNPACKING pc=0x0000000002aa557b sp=0x0000000025fdba28 mode 2
Event: 66.654 Thread 0x0000000024e5d000 Uncommon trap: trap_request=0xffffff65 fr.pc=0x0000000004a5e34c
Event: 66.654 Thread 0x0000000024e5d000 DEOPT PACKING pc=0x0000000004a5e34c sp=0x0000000025fdba50
Event: 66.654 Thread 0x0000000024e5d000 DEOPT UNPACKING pc=0x0000000002aa557b sp=0x0000000025fdba30 mode 2
Event: 66.881 Thread 0x000000001a8ce000 Uncommon trap: trap_request=0xffffffc6 fr.pc=0x0000000002d7e1b4
Event: 66.881 Thread 0x000000001a8ce000 DEOPT PACKING pc=0x0000000002d7e1b4 sp=0x00000000262dbd40
Event: 66.881 Thread 0x000000001a8ce000 DEOPT UNPACKING pc=0x0000000002aa557b sp=0x00000000262dbcc0 mode 2
Event: 66.885 Thread 0x000000001a7c6800 Uncommon trap: trap_request=0xffffffc6 fr.pc=0x0000000002d7e1b4
Event: 66.885 Thread 0x000000001a7c6800 DEOPT PACKING pc=0x0000000002d7e1b4 sp=0x000000002d98b7d0
Event: 66.885 Thread 0x000000001a7c6800 DEOPT UNPACKING pc=0x0000000002aa557b sp=0x000000002d98b750 mode 2


Dynamic libraries:
0x00007ff7b52c0000 - 0x00007ff7b52f1000 	C:\Program Files\Android\Android Studio\jre\bin\java.exe
0x00007fffd2cc0000 - 0x00007fffd2eb0000 	C:\WINDOWS\SYSTEM32\ntdll.dll
0x00007fffc2090000 - 0x00007fffc20a2000 	C:\Program Files\AVAST Software\Avast\aswhook.dll
0x00007fffd1890000 - 0x00007fffd1942000 	C:\WINDOWS\System32\KERNEL32.DLL
0x00007fffd0690000 - 0x00007fffd0935000 	C:\WINDOWS\System32\KERNELBASE.dll
0x00007fffd2280000 - 0x00007fffd2323000 	C:\WINDOWS\System32\ADVAPI32.dll
0x00007fffd1cf0000 - 0x00007fffd1d8e000 	C:\WINDOWS\System32\msvcrt.dll
0x00007fffd0fc0000 - 0x00007fffd1057000 	C:\WINDOWS\System32\sechost.dll
0x00007fffd2b60000 - 0x00007fffd2c80000 	C:\WINDOWS\System32\RPCRT4.dll
0x00007fffd0e20000 - 0x00007fffd0fb4000 	C:\WINDOWS\System32\USER32.dll
0x00007fffd0530000 - 0x00007fffd0551000 	C:\WINDOWS\System32\win32u.dll
0x00007fffd2100000 - 0x00007fffd2126000 	C:\WINDOWS\System32\GDI32.dll
0x00007fffd0bd0000 - 0x00007fffd0d66000 	C:\WINDOWS\System32\gdi32full.dll
0x00007fffd0490000 - 0x00007fffd052e000 	C:\WINDOWS\System32\msvcp_win.dll
0x00007fffd0560000 - 0x00007fffd065a000 	C:\WINDOWS\System32\ucrtbase.dll
0x00007fffbbad0000 - 0x00007fffbbd54000 	C:\WINDOWS\WinSxS\amd64_microsoft.windows.common-controls_6595b64144ccf1df_6.0.18362.1256_none_9e7e379be45e40e2\COMCTL32.dll
0x00007fffd1dc0000 - 0x00007fffd20f6000 	C:\WINDOWS\System32\combase.dll
0x00007fffd0a90000 - 0x00007fffd0b11000 	C:\WINDOWS\System32\bcryptPrimitives.dll
0x00007fffd1cc0000 - 0x00007fffd1cee000 	C:\WINDOWS\System32\IMM32.DLL
0x000000005da20000 - 0x000000005daf2000 	C:\Program Files\Android\Android Studio\jre\jre\bin\msvcr100.dll
0x000000005db00000 - 0x000000005e34b000 	C:\Program Files\Android\Android Studio\jre\jre\bin\server\jvm.dll
0x00007fffd1a80000 - 0x00007fffd1a88000 	C:\WINDOWS\System32\PSAPI.DLL
0x00007fffc0c30000 - 0x00007fffc0c39000 	C:\WINDOWS\SYSTEM32\WSOCK32.dll
0x00007fffd2140000 - 0x00007fffd21af000 	C:\WINDOWS\System32\WS2_32.dll
0x00007fffc18a0000 - 0x00007fffc18c4000 	C:\WINDOWS\SYSTEM32\WINMM.dll
0x00007fffc7180000 - 0x00007fffc718a000 	C:\WINDOWS\SYSTEM32\VERSION.dll
0x00007fffc1870000 - 0x00007fffc189d000 	C:\WINDOWS\SYSTEM32\WINMMBASE.dll
0x00007fffd0b20000 - 0x00007fffd0b6a000 	C:\WINDOWS\System32\cfgmgr32.dll
0x00007fffc8280000 - 0x00007fffc828f000 	C:\Program Files\Android\Android Studio\jre\jre\bin\verify.dll
0x00007fffc69e0000 - 0x00007fffc6a09000 	C:\Program Files\Android\Android Studio\jre\jre\bin\java.dll
0x00007fffc6eb0000 - 0x00007fffc6ec6000 	C:\Program Files\Android\Android Studio\jre\jre\bin\zip.dll
0x00007fffd11a0000 - 0x00007fffd1887000 	C:\WINDOWS\System32\SHELL32.dll
0x00007fffd25c0000 - 0x00007fffd2669000 	C:\WINDOWS\System32\shcore.dll
0x00007fffcfce0000 - 0x00007fffd0461000 	C:\WINDOWS\System32\windows.storage.dll
0x00007fffcfc00000 - 0x00007fffcfc23000 	C:\WINDOWS\System32\profapi.dll
0x00007fffcfb70000 - 0x00007fffcfbba000 	C:\WINDOWS\System32\powrprof.dll
0x00007fffcfb60000 - 0x00007fffcfb70000 	C:\WINDOWS\System32\UMPDC.dll
0x00007fffd2400000 - 0x00007fffd2452000 	C:\WINDOWS\System32\shlwapi.dll
0x00007fffcfbe0000 - 0x00007fffcfbf1000 	C:\WINDOWS\System32\kernel.appcore.dll
0x00007fffd0470000 - 0x00007fffd0487000 	C:\WINDOWS\System32\cryptsp.dll
0x00007fffc69c0000 - 0x00007fffc69da000 	C:\Program Files\Android\Android Studio\jre\jre\bin\net.dll
0x00007fffcf350000 - 0x00007fffcf3b7000 	C:\WINDOWS\system32\mswsock.dll
0x00007fffc69a0000 - 0x00007fffc69b3000 	C:\Program Files\Android\Android Studio\jre\jre\bin\nio.dll
0x00007fffc3c90000 - 0x00007fffc3cb7000 	C:\Users\sanja.todorovic\.gradle\native\f6784746aeab05261644944871eae4fe03e0ef1612fff0a4a95f87b438bc6780\windows-amd64\native-platform.dll
0x00007fffc8270000 - 0x00007fffc827d000 	C:\Program Files\Android\Android Studio\jre\jre\bin\management.dll
0x00007fffceec0000 - 0x00007fffceef3000 	C:\WINDOWS\system32\rsaenh.dll
0x00007fffd0660000 - 0x00007fffd0686000 	C:\WINDOWS\System32\bcrypt.dll
0x00007fffcfa40000 - 0x00007fffcfa65000 	C:\WINDOWS\SYSTEM32\USERENV.dll
0x00007fffcf520000 - 0x00007fffcf52c000 	C:\WINDOWS\SYSTEM32\CRYPTBASE.dll
0x00007fffcf060000 - 0x00007fffcf09a000 	C:\WINDOWS\SYSTEM32\IPHLPAPI.DLL
0x00007fffd2130000 - 0x00007fffd2138000 	C:\WINDOWS\System32\NSI.dll
0x00007fffcb2f0000 - 0x00007fffcb306000 	C:\WINDOWS\SYSTEM32\dhcpcsvc6.DLL
0x00007fffcb2d0000 - 0x00007fffcb2ec000 	C:\WINDOWS\SYSTEM32\dhcpcsvc.DLL
0x00007fffcf0a0000 - 0x00007fffcf16b000 	C:\WINDOWS\SYSTEM32\DNSAPI.dll
0x00007fffc8b70000 - 0x00007fffc8b7b000 	C:\WINDOWS\SYSTEM32\WINNSI.DLL
0x00007fffc68a0000 - 0x00007fffc68c4000 	C:\Program Files\Android\Android Studio\jre\jre\bin\sunec.dll
0x00007fffc3320000 - 0x00007fffc332a000 	C:\Windows\System32\rasadhlp.dll
0x00007fffc8a70000 - 0x00007fffc8ae7000 	C:\WINDOWS\System32\fwpuclnt.dll
0x00007fffc6970000 - 0x00007fffc697b000 	C:\Program Files\Android\Android Studio\jre\jre\bin\sunmscapi.dll
0x00007fffd0940000 - 0x00007fffd0a89000 	C:\WINDOWS\System32\CRYPT32.dll
0x00007fffcfbc0000 - 0x00007fffcfbd2000 	C:\WINDOWS\System32\MSASN1.dll
0x00007fffce850000 - 0x00007fffce881000 	C:\WINDOWS\SYSTEM32\ntmarta.dll

VM Arguments:
jvm_args: -Xmx2048m -Dfile.encoding=windows-1252 -Duser.country=GB -Duser.language=en -Duser.variant 
java_command: org.gradle.launcher.daemon.bootstrap.GradleDaemon 6.5
java_class_path (initial): C:\Users\sanja.todorovic\.gradle\wrapper\dists\gradle-6.5-bin\6nifqtx7604sqp1q6g8wikw7p\gradle-6.5\lib\gradle-launcher-6.5.jar
Launcher Type: SUN_STANDARD

Environment Variables:
JAVA_HOME=C:\Program Files\Java\jdk-12.0.1
PATH=C:\Program Files (x86)\Common Files\Oracle\Java\javapath;C:\Program Files (x86)\Intel\iCLS Client\;C:\Program Files\Intel\iCLS Client\;C:\WINDOWS\system32;C:\WINDOWS;C:\WINDOWS\System32\Wbem;C:\WINDOWS\System32\WindowsPowerShell\v1.0\;C:\Program Files (x86)\Intel\Intel(R) Management Engine Components\DAL;C:\Program Files\Intel\Intel(R) Management Engine Components\DAL;C:\Program Files (x86)\Intel\Intel(R) Management Engine Components\IPT;C:\Program Files\Intel\Intel(R) Management Engine Components\IPT;C:\WINDOWS\System32\OpenSSH\;c:\Program Files\Intel\WiFi\bin\;c:\Program Files\Common Files\Intel\WirelessCommon\;c:\dev\maven\apache-maven-3.6.1\bin;C:\Program Files\nodejs\;C:\Users\vlada.makevic\AppData\Local\Android\Sdk\platform-tools;C:\Program Files (x86)\Microsoft SQL Server\150\DTS\Binn\;C:\Program Files\Microsoft Network Monitor 3\;C:\Program Files\Microsoft SQL Server\Client SDK\ODBC\170\Tools\Binn\;C:\Program Files\PuTTY\;C:\Program Files\Git\cmd;C:\Users\sanja.todorovic\AppData\Local\Microsoft\WindowsApps;C:\Users\sanja.todorovic\AppData\Local\GitHubDesktop\bin
USERNAME=sanja.todorovic
OS=Windows_NT
PROCESSOR_IDENTIFIER=Intel64 Family 6 Model 158 Stepping 9, GenuineIntel



---------------  S Y S T E M  ---------------

OS: Windows 10.0 , 64 bit Build 18362 (10.0.18362.1110)

CPU:total 8 (initial active 8) (4 cores per cpu, 2 threads per core) family 6 model 158 stepping 9, cmov, cx8, fxsr, mmx, sse, sse2, sse3, ssse3, sse4.1, sse4.2, popcnt, avx, avx2, aes, clmul, erms, rtm, 3dnowpref, lzcnt, ht, tsc, tscinvbit, bmi1, bmi2, adx

Memory: 4k page, physical 16653520k(2009964k free), swap 20847824k(6872k free)

vm_info: OpenJDK 64-Bit Server VM (25.242-b01) for windows-amd64 JRE (1.8.0_242-release-1644-b01), built by "builder" with MS VC++ 10.0 (VS2010)

time: Mon Jan 04 14:21:04 2021
timezone: Central European Standard Time
elapsed time: 66 seconds (0d 0h 1m 6s)

